2021/06/25 21:09:11 : Traceback (most recent call last):
  File "/home/tranhau/Documents/v32/cartmigration/controllers/migration.py", line 348, in setup_cart
    setup_source = self.setup_source(data)
  File "/home/tranhau/Documents/v32/cartmigration/controllers/migration.py", line 284, in setup_source
    getattr(self.get_target_cart(), 'set_notice')(self._notice)
  File "/home/tranhau/Documents/v32/cartmigration/libs/base_controller.py", line 115, in get_target_cart
    self.target_cart = get_model(cart_name)
  File "/home/tranhau/Documents/v32/cartmigration/libs/utils.py", line 97, in get_model
    module_class = importlib.import_module(model_name)
  File "/usr/lib/python3.8/importlib/__init__.py", line 127, in import_module
    return _bootstrap._gcd_import(name[level:], package, level)
  File "<frozen importlib._bootstrap>", line 1014, in _gcd_import
  File "<frozen importlib._bootstrap>", line 991, in _find_and_load
  File "<frozen importlib._bootstrap>", line 975, in _find_and_load_unlocked
  File "<frozen importlib._bootstrap>", line 671, in _load_unlocked
  File "<frozen importlib._bootstrap_external>", line 779, in exec_module
  File "<frozen importlib._bootstrap_external>", line 916, in get_code
  File "<frozen importlib._bootstrap_external>", line 846, in source_to_code
  File "<frozen importlib._bootstrap>", line 219, in _call_with_frames_removed
  File "/home/tranhau/Documents/v32/cartmigration/models/cart/woocommerce.py", line 2260
    slug = convert['name'].lower().strip()
                                         ^
TabError: inconsistent use of tabs and spaces in indentation

2021/06/25 21:10:17 : Traceback (most recent call last):
  File "/home/tranhau/Documents/v32/cartmigration/controllers/migration.py", line 348, in setup_cart
    setup_source = self.setup_source(data)
  File "/home/tranhau/Documents/v32/cartmigration/controllers/migration.py", line 284, in setup_source
    getattr(self.get_target_cart(), 'set_notice')(self._notice)
  File "/home/tranhau/Documents/v32/cartmigration/libs/base_controller.py", line 115, in get_target_cart
    self.target_cart = get_model(cart_name)
  File "/home/tranhau/Documents/v32/cartmigration/libs/utils.py", line 97, in get_model
    module_class = importlib.import_module(model_name)
  File "/usr/lib/python3.8/importlib/__init__.py", line 127, in import_module
    return _bootstrap._gcd_import(name[level:], package, level)
  File "<frozen importlib._bootstrap>", line 1014, in _gcd_import
  File "<frozen importlib._bootstrap>", line 991, in _find_and_load
  File "<frozen importlib._bootstrap>", line 975, in _find_and_load_unlocked
  File "<frozen importlib._bootstrap>", line 671, in _load_unlocked
  File "<frozen importlib._bootstrap_external>", line 779, in exec_module
  File "<frozen importlib._bootstrap_external>", line 916, in get_code
  File "<frozen importlib._bootstrap_external>", line 846, in source_to_code
  File "<frozen importlib._bootstrap>", line 219, in _call_with_frames_removed
  File "/home/tranhau/Documents/v32/cartmigration/models/cart/woocommerce.py", line 2260
    slug = convert['name'].lower().strip()
                                         ^
TabError: inconsistent use of tabs and spaces in indentation

2021/06/26 07:57:12 : Traceback (most recent call last):
  File "/home/tranhau/Documents/v32/cartmigration/controllers/migration.py", line 348, in setup_cart
    setup_source = self.setup_source(data)
  File "/home/tranhau/Documents/v32/cartmigration/controllers/migration.py", line 284, in setup_source
    getattr(self.get_target_cart(), 'set_notice')(self._notice)
  File "/home/tranhau/Documents/v32/cartmigration/libs/base_controller.py", line 115, in get_target_cart
    self.target_cart = get_model(cart_name)
  File "/home/tranhau/Documents/v32/cartmigration/libs/utils.py", line 97, in get_model
    module_class = importlib.import_module(model_name)
  File "/usr/lib/python3.8/importlib/__init__.py", line 127, in import_module
    return _bootstrap._gcd_import(name[level:], package, level)
  File "<frozen importlib._bootstrap>", line 1014, in _gcd_import
  File "<frozen importlib._bootstrap>", line 991, in _find_and_load
  File "<frozen importlib._bootstrap>", line 975, in _find_and_load_unlocked
  File "<frozen importlib._bootstrap>", line 671, in _load_unlocked
  File "<frozen importlib._bootstrap_external>", line 779, in exec_module
  File "<frozen importlib._bootstrap_external>", line 916, in get_code
  File "<frozen importlib._bootstrap_external>", line 846, in source_to_code
  File "<frozen importlib._bootstrap>", line 219, in _call_with_frames_removed
  File "/home/tranhau/Documents/v32/cartmigration/models/cart/woocommerce.py", line 2256
    slug = convert['name'].lower().strip()
                                         ^
TabError: inconsistent use of tabs and spaces in indentation

2021/06/26 07:58:50 : Traceback (most recent call last):
  File "/home/tranhau/Documents/v32/cartmigration/controllers/migration.py", line 348, in setup_cart
    setup_source = self.setup_source(data)
  File "/home/tranhau/Documents/v32/cartmigration/controllers/migration.py", line 284, in setup_source
    getattr(self.get_target_cart(), 'set_notice')(self._notice)
  File "/home/tranhau/Documents/v32/cartmigration/libs/base_controller.py", line 115, in get_target_cart
    self.target_cart = get_model(cart_name)
  File "/home/tranhau/Documents/v32/cartmigration/libs/utils.py", line 97, in get_model
    module_class = importlib.import_module(model_name)
  File "/usr/lib/python3.8/importlib/__init__.py", line 127, in import_module
    return _bootstrap._gcd_import(name[level:], package, level)
  File "<frozen importlib._bootstrap>", line 1014, in _gcd_import
  File "<frozen importlib._bootstrap>", line 991, in _find_and_load
  File "<frozen importlib._bootstrap>", line 975, in _find_and_load_unlocked
  File "<frozen importlib._bootstrap>", line 671, in _load_unlocked
  File "<frozen importlib._bootstrap_external>", line 779, in exec_module
  File "<frozen importlib._bootstrap_external>", line 916, in get_code
  File "<frozen importlib._bootstrap_external>", line 846, in source_to_code
  File "<frozen importlib._bootstrap>", line 219, in _call_with_frames_removed
  File "/home/tranhau/Documents/v32/cartmigration/models/cart/woocommerce.py", line 2257
    slug = convert['name'].lower().strip()
                                         ^
TabError: inconsistent use of tabs and spaces in indentation

2021/06/26 08:00:52 : Traceback (most recent call last):
  File "/home/tranhau/Documents/v32/cartmigration/controllers/migration.py", line 348, in setup_cart
    setup_source = self.setup_source(data)
  File "/home/tranhau/Documents/v32/cartmigration/controllers/migration.py", line 284, in setup_source
    getattr(self.get_target_cart(), 'set_notice')(self._notice)
  File "/home/tranhau/Documents/v32/cartmigration/libs/base_controller.py", line 115, in get_target_cart
    self.target_cart = get_model(cart_name)
  File "/home/tranhau/Documents/v32/cartmigration/libs/utils.py", line 97, in get_model
    module_class = importlib.import_module(model_name)
  File "/usr/lib/python3.8/importlib/__init__.py", line 127, in import_module
    return _bootstrap._gcd_import(name[level:], package, level)
  File "<frozen importlib._bootstrap>", line 1014, in _gcd_import
  File "<frozen importlib._bootstrap>", line 991, in _find_and_load
  File "<frozen importlib._bootstrap>", line 975, in _find_and_load_unlocked
  File "<frozen importlib._bootstrap>", line 671, in _load_unlocked
  File "<frozen importlib._bootstrap_external>", line 779, in exec_module
  File "<frozen importlib._bootstrap_external>", line 916, in get_code
  File "<frozen importlib._bootstrap_external>", line 846, in source_to_code
  File "<frozen importlib._bootstrap>", line 219, in _call_with_frames_removed
  File "/home/tranhau/Documents/v32/cartmigration/models/cart/woocommerce.py", line 2257
    slug = convert['name'].lower().strip()
                                         ^
TabError: inconsistent use of tabs and spaces in indentation

2021/06/26 08:13:19 : Traceback (most recent call last):
  File "/home/tranhau/Documents/v32/cartmigration/controllers/migration.py", line 348, in setup_cart
    setup_source = self.setup_source(data)
  File "/home/tranhau/Documents/v32/cartmigration/controllers/migration.py", line 284, in setup_source
    getattr(self.get_target_cart(), 'set_notice')(self._notice)
  File "/home/tranhau/Documents/v32/cartmigration/libs/base_controller.py", line 115, in get_target_cart
    self.target_cart = get_model(cart_name)
  File "/home/tranhau/Documents/v32/cartmigration/libs/utils.py", line 97, in get_model
    module_class = importlib.import_module(model_name)
  File "/usr/lib/python3.8/importlib/__init__.py", line 127, in import_module
    return _bootstrap._gcd_import(name[level:], package, level)
  File "<frozen importlib._bootstrap>", line 1014, in _gcd_import
  File "<frozen importlib._bootstrap>", line 991, in _find_and_load
  File "<frozen importlib._bootstrap>", line 975, in _find_and_load_unlocked
  File "<frozen importlib._bootstrap>", line 671, in _load_unlocked
  File "<frozen importlib._bootstrap_external>", line 779, in exec_module
  File "<frozen importlib._bootstrap_external>", line 916, in get_code
  File "<frozen importlib._bootstrap_external>", line 846, in source_to_code
  File "<frozen importlib._bootstrap>", line 219, in _call_with_frames_removed
  File "/home/tranhau/Documents/v32/cartmigration/models/cart/woocommerce.py", line 2256
    slug = convert['name'].lower().strip()
                                         ^
TabError: inconsistent use of tabs and spaces in indentation

2021/06/26 08:17:30 : Traceback (most recent call last):
  File "/home/tranhau/Documents/v32/cartmigration/controllers/migration.py", line 348, in setup_cart
    setup_source = self.setup_source(data)
  File "/home/tranhau/Documents/v32/cartmigration/controllers/migration.py", line 284, in setup_source
    getattr(self.get_target_cart(), 'set_notice')(self._notice)
  File "/home/tranhau/Documents/v32/cartmigration/libs/base_controller.py", line 115, in get_target_cart
    self.target_cart = get_model(cart_name)
  File "/home/tranhau/Documents/v32/cartmigration/libs/utils.py", line 97, in get_model
    module_class = importlib.import_module(model_name)
  File "/usr/lib/python3.8/importlib/__init__.py", line 127, in import_module
    return _bootstrap._gcd_import(name[level:], package, level)
  File "<frozen importlib._bootstrap>", line 1014, in _gcd_import
  File "<frozen importlib._bootstrap>", line 991, in _find_and_load
  File "<frozen importlib._bootstrap>", line 975, in _find_and_load_unlocked
  File "<frozen importlib._bootstrap>", line 671, in _load_unlocked
  File "<frozen importlib._bootstrap_external>", line 779, in exec_module
  File "<frozen importlib._bootstrap_external>", line 916, in get_code
  File "<frozen importlib._bootstrap_external>", line 846, in source_to_code
  File "<frozen importlib._bootstrap>", line 219, in _call_with_frames_removed
  File "/home/tranhau/Documents/v32/cartmigration/models/cart/woocommerce.py", line 2256
    slug = convert['name'].lower().strip()
                                         ^
TabError: inconsistent use of tabs and spaces in indentation

2021/06/26 08:18:20 : Traceback (most recent call last):
  File "/home/tranhau/Documents/v32/cartmigration/controllers/migration.py", line 348, in setup_cart
    setup_source = self.setup_source(data)
  File "/home/tranhau/Documents/v32/cartmigration/controllers/migration.py", line 284, in setup_source
    getattr(self.get_target_cart(), 'set_notice')(self._notice)
  File "/home/tranhau/Documents/v32/cartmigration/libs/base_controller.py", line 115, in get_target_cart
    self.target_cart = get_model(cart_name)
  File "/home/tranhau/Documents/v32/cartmigration/libs/utils.py", line 97, in get_model
    module_class = importlib.import_module(model_name)
  File "/usr/lib/python3.8/importlib/__init__.py", line 127, in import_module
    return _bootstrap._gcd_import(name[level:], package, level)
  File "<frozen importlib._bootstrap>", line 1014, in _gcd_import
  File "<frozen importlib._bootstrap>", line 991, in _find_and_load
  File "<frozen importlib._bootstrap>", line 975, in _find_and_load_unlocked
  File "<frozen importlib._bootstrap>", line 671, in _load_unlocked
  File "<frozen importlib._bootstrap_external>", line 779, in exec_module
  File "<frozen importlib._bootstrap_external>", line 916, in get_code
  File "<frozen importlib._bootstrap_external>", line 846, in source_to_code
  File "<frozen importlib._bootstrap>", line 219, in _call_with_frames_removed
  File "/home/tranhau/Documents/v32/cartmigration/models/cart/woocommerce.py", line 2256
    slug = convert['name'].lower().strip()
                                         ^
TabError: inconsistent use of tabs and spaces in indentation

2021/06/26 08:18:56 : Traceback (most recent call last):
  File "/home/tranhau/Documents/v32/cartmigration/controllers/migration.py", line 348, in setup_cart
    setup_source = self.setup_source(data)
  File "/home/tranhau/Documents/v32/cartmigration/controllers/migration.py", line 284, in setup_source
    getattr(self.get_target_cart(), 'set_notice')(self._notice)
  File "/home/tranhau/Documents/v32/cartmigration/libs/base_controller.py", line 115, in get_target_cart
    self.target_cart = get_model(cart_name)
  File "/home/tranhau/Documents/v32/cartmigration/libs/utils.py", line 97, in get_model
    module_class = importlib.import_module(model_name)
  File "/usr/lib/python3.8/importlib/__init__.py", line 127, in import_module
    return _bootstrap._gcd_import(name[level:], package, level)
  File "<frozen importlib._bootstrap>", line 1014, in _gcd_import
  File "<frozen importlib._bootstrap>", line 991, in _find_and_load
  File "<frozen importlib._bootstrap>", line 975, in _find_and_load_unlocked
  File "<frozen importlib._bootstrap>", line 671, in _load_unlocked
  File "<frozen importlib._bootstrap_external>", line 779, in exec_module
  File "<frozen importlib._bootstrap_external>", line 916, in get_code
  File "<frozen importlib._bootstrap_external>", line 846, in source_to_code
  File "<frozen importlib._bootstrap>", line 219, in _call_with_frames_removed
  File "/home/tranhau/Documents/v32/cartmigration/models/cart/woocommerce.py", line 2256
    slug = convert['name'].lower().strip()
                                         ^
TabError: inconsistent use of tabs and spaces in indentation

2021/06/26 08:19:18 : Traceback (most recent call last):
  File "/home/tranhau/Documents/v32/cartmigration/controllers/migration.py", line 348, in setup_cart
    setup_source = self.setup_source(data)
  File "/home/tranhau/Documents/v32/cartmigration/controllers/migration.py", line 284, in setup_source
    getattr(self.get_target_cart(), 'set_notice')(self._notice)
  File "/home/tranhau/Documents/v32/cartmigration/libs/base_controller.py", line 115, in get_target_cart
    self.target_cart = get_model(cart_name)
  File "/home/tranhau/Documents/v32/cartmigration/libs/utils.py", line 97, in get_model
    module_class = importlib.import_module(model_name)
  File "/usr/lib/python3.8/importlib/__init__.py", line 127, in import_module
    return _bootstrap._gcd_import(name[level:], package, level)
  File "<frozen importlib._bootstrap>", line 1014, in _gcd_import
  File "<frozen importlib._bootstrap>", line 991, in _find_and_load
  File "<frozen importlib._bootstrap>", line 975, in _find_and_load_unlocked
  File "<frozen importlib._bootstrap>", line 671, in _load_unlocked
  File "<frozen importlib._bootstrap_external>", line 779, in exec_module
  File "<frozen importlib._bootstrap_external>", line 916, in get_code
  File "<frozen importlib._bootstrap_external>", line 846, in source_to_code
  File "<frozen importlib._bootstrap>", line 219, in _call_with_frames_removed
  File "/home/tranhau/Documents/v32/cartmigration/models/cart/woocommerce.py", line 2256
    slug = convert['name'].lower().strip()
                                         ^
TabError: inconsistent use of tabs and spaces in indentation

2021/06/26 08:20:01 : Traceback (most recent call last):
  File "/home/tranhau/Documents/v32/cartmigration/controllers/migration.py", line 348, in setup_cart
    setup_source = self.setup_source(data)
  File "/home/tranhau/Documents/v32/cartmigration/controllers/migration.py", line 284, in setup_source
    getattr(self.get_target_cart(), 'set_notice')(self._notice)
  File "/home/tranhau/Documents/v32/cartmigration/libs/base_controller.py", line 115, in get_target_cart
    self.target_cart = get_model(cart_name)
  File "/home/tranhau/Documents/v32/cartmigration/libs/utils.py", line 97, in get_model
    module_class = importlib.import_module(model_name)
  File "/usr/lib/python3.8/importlib/__init__.py", line 127, in import_module
    return _bootstrap._gcd_import(name[level:], package, level)
  File "<frozen importlib._bootstrap>", line 1014, in _gcd_import
  File "<frozen importlib._bootstrap>", line 991, in _find_and_load
  File "<frozen importlib._bootstrap>", line 975, in _find_and_load_unlocked
  File "<frozen importlib._bootstrap>", line 671, in _load_unlocked
  File "<frozen importlib._bootstrap_external>", line 779, in exec_module
  File "<frozen importlib._bootstrap_external>", line 916, in get_code
  File "<frozen importlib._bootstrap_external>", line 846, in source_to_code
  File "<frozen importlib._bootstrap>", line 219, in _call_with_frames_removed
  File "/home/tranhau/Documents/v32/cartmigration/models/cart/woocommerce.py", line 2256
    slug = convert['name'].lower().strip()
                                         ^
TabError: inconsistent use of tabs and spaces in indentation

2021/06/26 08:21:06 : Traceback (most recent call last):
  File "/home/tranhau/Documents/v32/cartmigration/controllers/migration.py", line 348, in setup_cart
    setup_source = self.setup_source(data)
  File "/home/tranhau/Documents/v32/cartmigration/controllers/migration.py", line 284, in setup_source
    getattr(self.get_target_cart(), 'set_notice')(self._notice)
  File "/home/tranhau/Documents/v32/cartmigration/libs/base_controller.py", line 115, in get_target_cart
    self.target_cart = get_model(cart_name)
  File "/home/tranhau/Documents/v32/cartmigration/libs/utils.py", line 97, in get_model
    module_class = importlib.import_module(model_name)
  File "/usr/lib/python3.8/importlib/__init__.py", line 127, in import_module
    return _bootstrap._gcd_import(name[level:], package, level)
  File "<frozen importlib._bootstrap>", line 1014, in _gcd_import
  File "<frozen importlib._bootstrap>", line 991, in _find_and_load
  File "<frozen importlib._bootstrap>", line 975, in _find_and_load_unlocked
  File "<frozen importlib._bootstrap>", line 671, in _load_unlocked
  File "<frozen importlib._bootstrap_external>", line 779, in exec_module
  File "<frozen importlib._bootstrap_external>", line 916, in get_code
  File "<frozen importlib._bootstrap_external>", line 846, in source_to_code
  File "<frozen importlib._bootstrap>", line 219, in _call_with_frames_removed
  File "/home/tranhau/Documents/v32/cartmigration/models/cart/woocommerce.py", line 2257
    slug = convert['name'].lower().strip()
                                         ^
TabError: inconsistent use of tabs and spaces in indentation

2021/06/26 08:21:21 : Traceback (most recent call last):
  File "/home/tranhau/Documents/v32/cartmigration/controllers/migration.py", line 348, in setup_cart
    setup_source = self.setup_source(data)
  File "/home/tranhau/Documents/v32/cartmigration/controllers/migration.py", line 284, in setup_source
    getattr(self.get_target_cart(), 'set_notice')(self._notice)
  File "/home/tranhau/Documents/v32/cartmigration/libs/base_controller.py", line 115, in get_target_cart
    self.target_cart = get_model(cart_name)
  File "/home/tranhau/Documents/v32/cartmigration/libs/utils.py", line 97, in get_model
    module_class = importlib.import_module(model_name)
  File "/usr/lib/python3.8/importlib/__init__.py", line 127, in import_module
    return _bootstrap._gcd_import(name[level:], package, level)
  File "<frozen importlib._bootstrap>", line 1014, in _gcd_import
  File "<frozen importlib._bootstrap>", line 991, in _find_and_load
  File "<frozen importlib._bootstrap>", line 975, in _find_and_load_unlocked
  File "<frozen importlib._bootstrap>", line 671, in _load_unlocked
  File "<frozen importlib._bootstrap_external>", line 779, in exec_module
  File "<frozen importlib._bootstrap_external>", line 916, in get_code
  File "<frozen importlib._bootstrap_external>", line 846, in source_to_code
  File "<frozen importlib._bootstrap>", line 219, in _call_with_frames_removed
  File "/home/tranhau/Documents/v32/cartmigration/models/cart/woocommerce.py", line 2257
    slug = convert['name'].lower().strip()
                                         ^
TabError: inconsistent use of tabs and spaces in indentation

2021/06/26 08:22:26 : Traceback (most recent call last):
  File "/home/tranhau/Documents/v32/cartmigration/controllers/migration.py", line 348, in setup_cart
    setup_source = self.setup_source(data)
  File "/home/tranhau/Documents/v32/cartmigration/controllers/migration.py", line 284, in setup_source
    getattr(self.get_target_cart(), 'set_notice')(self._notice)
  File "/home/tranhau/Documents/v32/cartmigration/libs/base_controller.py", line 115, in get_target_cart
    self.target_cart = get_model(cart_name)
  File "/home/tranhau/Documents/v32/cartmigration/libs/utils.py", line 97, in get_model
    module_class = importlib.import_module(model_name)
  File "/usr/lib/python3.8/importlib/__init__.py", line 127, in import_module
    return _bootstrap._gcd_import(name[level:], package, level)
  File "<frozen importlib._bootstrap>", line 1014, in _gcd_import
  File "<frozen importlib._bootstrap>", line 991, in _find_and_load
  File "<frozen importlib._bootstrap>", line 975, in _find_and_load_unlocked
  File "<frozen importlib._bootstrap>", line 671, in _load_unlocked
  File "<frozen importlib._bootstrap_external>", line 779, in exec_module
  File "<frozen importlib._bootstrap_external>", line 916, in get_code
  File "<frozen importlib._bootstrap_external>", line 846, in source_to_code
  File "<frozen importlib._bootstrap>", line 219, in _call_with_frames_removed
  File "/home/tranhau/Documents/v32/cartmigration/models/cart/woocommerce.py", line 2258
    slug = convert['name'].replace(" ", "-")
                                           ^
TabError: inconsistent use of tabs and spaces in indentation

2021/06/26 08:26:02 : Traceback (most recent call last):
  File "/home/tranhau/Documents/v32/cartmigration/controllers/migration.py", line 348, in setup_cart
    setup_source = self.setup_source(data)
  File "/home/tranhau/Documents/v32/cartmigration/controllers/migration.py", line 284, in setup_source
    getattr(self.get_target_cart(), 'set_notice')(self._notice)
  File "/home/tranhau/Documents/v32/cartmigration/libs/base_controller.py", line 115, in get_target_cart
    self.target_cart = get_model(cart_name)
  File "/home/tranhau/Documents/v32/cartmigration/libs/utils.py", line 97, in get_model
    module_class = importlib.import_module(model_name)
  File "/usr/lib/python3.8/importlib/__init__.py", line 127, in import_module
    return _bootstrap._gcd_import(name[level:], package, level)
  File "<frozen importlib._bootstrap>", line 1014, in _gcd_import
  File "<frozen importlib._bootstrap>", line 991, in _find_and_load
  File "<frozen importlib._bootstrap>", line 975, in _find_and_load_unlocked
  File "<frozen importlib._bootstrap>", line 671, in _load_unlocked
  File "<frozen importlib._bootstrap_external>", line 779, in exec_module
  File "<frozen importlib._bootstrap_external>", line 916, in get_code
  File "<frozen importlib._bootstrap_external>", line 846, in source_to_code
  File "<frozen importlib._bootstrap>", line 219, in _call_with_frames_removed
  File "/home/tranhau/Documents/v32/cartmigration/models/cart/woocommerce.py", line 2257
    slug = convert['name'].lower().strip()
                                         ^
TabError: inconsistent use of tabs and spaces in indentation

2021/06/26 08:26:19 : Traceback (most recent call last):
  File "/home/tranhau/Documents/v32/cartmigration/controllers/migration.py", line 348, in setup_cart
    setup_source = self.setup_source(data)
  File "/home/tranhau/Documents/v32/cartmigration/controllers/migration.py", line 284, in setup_source
    getattr(self.get_target_cart(), 'set_notice')(self._notice)
  File "/home/tranhau/Documents/v32/cartmigration/libs/base_controller.py", line 115, in get_target_cart
    self.target_cart = get_model(cart_name)
  File "/home/tranhau/Documents/v32/cartmigration/libs/utils.py", line 97, in get_model
    module_class = importlib.import_module(model_name)
  File "/usr/lib/python3.8/importlib/__init__.py", line 127, in import_module
    return _bootstrap._gcd_import(name[level:], package, level)
  File "<frozen importlib._bootstrap>", line 1014, in _gcd_import
  File "<frozen importlib._bootstrap>", line 991, in _find_and_load
  File "<frozen importlib._bootstrap>", line 975, in _find_and_load_unlocked
  File "<frozen importlib._bootstrap>", line 671, in _load_unlocked
  File "<frozen importlib._bootstrap_external>", line 779, in exec_module
  File "<frozen importlib._bootstrap_external>", line 916, in get_code
  File "<frozen importlib._bootstrap_external>", line 846, in source_to_code
  File "<frozen importlib._bootstrap>", line 219, in _call_with_frames_removed
  File "/home/tranhau/Documents/v32/cartmigration/models/cart/woocommerce.py", line 2257
    slug = convert['name'].lower().strip()
                                         ^
TabError: inconsistent use of tabs and spaces in indentation

2021/06/26 10:18:42 : Traceback (most recent call last):
  File "/home/tranhau/Documents/v32/cartmigration/controllers/migration.py", line 348, in setup_cart
    setup_source = self.setup_source(data)
  File "/home/tranhau/Documents/v32/cartmigration/controllers/migration.py", line 284, in setup_source
    getattr(self.get_target_cart(), 'set_notice')(self._notice)
  File "/home/tranhau/Documents/v32/cartmigration/libs/base_controller.py", line 115, in get_target_cart
    self.target_cart = get_model(cart_name)
  File "/home/tranhau/Documents/v32/cartmigration/libs/utils.py", line 97, in get_model
    module_class = importlib.import_module(model_name)
  File "/usr/lib/python3.8/importlib/__init__.py", line 127, in import_module
    return _bootstrap._gcd_import(name[level:], package, level)
  File "<frozen importlib._bootstrap>", line 1014, in _gcd_import
  File "<frozen importlib._bootstrap>", line 991, in _find_and_load
  File "<frozen importlib._bootstrap>", line 975, in _find_and_load_unlocked
  File "<frozen importlib._bootstrap>", line 671, in _load_unlocked
  File "<frozen importlib._bootstrap_external>", line 779, in exec_module
  File "<frozen importlib._bootstrap_external>", line 916, in get_code
  File "<frozen importlib._bootstrap_external>", line 846, in source_to_code
  File "<frozen importlib._bootstrap>", line 219, in _call_with_frames_removed
  File "/home/tranhau/Documents/v32/cartmigration/models/cart/woocommerce.py", line 2253
    slug = convert['name'].lower().strip()
                                         ^
TabError: inconsistent use of tabs and spaces in indentation

2021/06/26 10:21:24 : Traceback (most recent call last):
  File "/home/tranhau/Documents/v32/cartmigration/controllers/migration.py", line 348, in setup_cart
    setup_source = self.setup_source(data)
  File "/home/tranhau/Documents/v32/cartmigration/controllers/migration.py", line 284, in setup_source
    getattr(self.get_target_cart(), 'set_notice')(self._notice)
  File "/home/tranhau/Documents/v32/cartmigration/libs/base_controller.py", line 115, in get_target_cart
    self.target_cart = get_model(cart_name)
  File "/home/tranhau/Documents/v32/cartmigration/libs/utils.py", line 97, in get_model
    module_class = importlib.import_module(model_name)
  File "/usr/lib/python3.8/importlib/__init__.py", line 127, in import_module
    return _bootstrap._gcd_import(name[level:], package, level)
  File "<frozen importlib._bootstrap>", line 1014, in _gcd_import
  File "<frozen importlib._bootstrap>", line 991, in _find_and_load
  File "<frozen importlib._bootstrap>", line 975, in _find_and_load_unlocked
  File "<frozen importlib._bootstrap>", line 671, in _load_unlocked
  File "<frozen importlib._bootstrap_external>", line 779, in exec_module
  File "<frozen importlib._bootstrap_external>", line 916, in get_code
  File "<frozen importlib._bootstrap_external>", line 846, in source_to_code
  File "<frozen importlib._bootstrap>", line 219, in _call_with_frames_removed
  File "/home/tranhau/Documents/v32/cartmigration/models/cart/woocommerce.py", line 2255
    slug = convert['name'].lower().strip()
                                         ^
TabError: inconsistent use of tabs and spaces in indentation

2021/06/27 09:00:18 : Traceback (most recent call last):
  File "/home/tranhau/Documents/v32/cartmigration/controllers/migration.py", line 348, in setup_cart
    setup_source = self.setup_source(data)
  File "/home/tranhau/Documents/v32/cartmigration/controllers/migration.py", line 284, in setup_source
    getattr(self.get_target_cart(), 'set_notice')(self._notice)
  File "/home/tranhau/Documents/v32/cartmigration/libs/base_controller.py", line 115, in get_target_cart
    self.target_cart = get_model(cart_name)
  File "/home/tranhau/Documents/v32/cartmigration/libs/utils.py", line 97, in get_model
    module_class = importlib.import_module(model_name)
  File "/usr/lib/python3.8/importlib/__init__.py", line 127, in import_module
    return _bootstrap._gcd_import(name[level:], package, level)
  File "<frozen importlib._bootstrap>", line 1014, in _gcd_import
  File "<frozen importlib._bootstrap>", line 991, in _find_and_load
  File "<frozen importlib._bootstrap>", line 975, in _find_and_load_unlocked
  File "<frozen importlib._bootstrap>", line 671, in _load_unlocked
  File "<frozen importlib._bootstrap_external>", line 779, in exec_module
  File "<frozen importlib._bootstrap_external>", line 916, in get_code
  File "<frozen importlib._bootstrap_external>", line 846, in source_to_code
  File "<frozen importlib._bootstrap>", line 219, in _call_with_frames_removed
  File "/home/tranhau/Documents/v32/cartmigration/models/cart/woocommerce.py", line 2253
    self.log(self._notice,'hhh')
                               ^
TabError: inconsistent use of tabs and spaces in indentation

2021/06/27 09:02:01 : Traceback (most recent call last):
  File "/home/tranhau/Documents/v32/cartmigration/controllers/migration.py", line 348, in setup_cart
    setup_source = self.setup_source(data)
  File "/home/tranhau/Documents/v32/cartmigration/controllers/migration.py", line 284, in setup_source
    getattr(self.get_target_cart(), 'set_notice')(self._notice)
  File "/home/tranhau/Documents/v32/cartmigration/libs/base_controller.py", line 115, in get_target_cart
    self.target_cart = get_model(cart_name)
  File "/home/tranhau/Documents/v32/cartmigration/libs/utils.py", line 97, in get_model
    module_class = importlib.import_module(model_name)
  File "/usr/lib/python3.8/importlib/__init__.py", line 127, in import_module
    return _bootstrap._gcd_import(name[level:], package, level)
  File "<frozen importlib._bootstrap>", line 1014, in _gcd_import
  File "<frozen importlib._bootstrap>", line 991, in _find_and_load
  File "<frozen importlib._bootstrap>", line 975, in _find_and_load_unlocked
  File "<frozen importlib._bootstrap>", line 671, in _load_unlocked
  File "<frozen importlib._bootstrap_external>", line 779, in exec_module
  File "<frozen importlib._bootstrap_external>", line 916, in get_code
  File "<frozen importlib._bootstrap_external>", line 846, in source_to_code
  File "<frozen importlib._bootstrap>", line 219, in _call_with_frames_removed
  File "/home/tranhau/Documents/v32/cartmigration/models/cart/woocommerce.py", line 2253
    self.log(self._notice['target']['config'],'hhh')
                                                   ^
TabError: inconsistent use of tabs and spaces in indentation

2021/06/28 08:18:57 : Traceback (most recent call last):
  File "/home/tranhau/Documents/v32/cartmigration/controllers/migration.py", line 348, in setup_cart
    setup_source = self.setup_source(data)
  File "/home/tranhau/Documents/v32/cartmigration/controllers/migration.py", line 284, in setup_source
    getattr(self.get_target_cart(), 'set_notice')(self._notice)
  File "/home/tranhau/Documents/v32/cartmigration/libs/base_controller.py", line 115, in get_target_cart
    self.target_cart = get_model(cart_name)
  File "/home/tranhau/Documents/v32/cartmigration/libs/utils.py", line 97, in get_model
    module_class = importlib.import_module(model_name)
  File "/usr/lib/python3.8/importlib/__init__.py", line 127, in import_module
    return _bootstrap._gcd_import(name[level:], package, level)
  File "<frozen importlib._bootstrap>", line 1014, in _gcd_import
  File "<frozen importlib._bootstrap>", line 991, in _find_and_load
  File "<frozen importlib._bootstrap>", line 975, in _find_and_load_unlocked
  File "<frozen importlib._bootstrap>", line 671, in _load_unlocked
  File "<frozen importlib._bootstrap_external>", line 779, in exec_module
  File "<frozen importlib._bootstrap_external>", line 916, in get_code
  File "<frozen importlib._bootstrap_external>", line 846, in source_to_code
  File "<frozen importlib._bootstrap>", line 219, in _call_with_frames_removed
  File "/home/tranhau/Documents/v32/cartmigration/models/cart/woocommerce.py", line 3653
    self.log(convert, 'customers')
                                 ^
TabError: inconsistent use of tabs and spaces in indentation

2021/06/28 08:19:25 : Traceback (most recent call last):
  File "/home/tranhau/Documents/v32/cartmigration/controllers/migration.py", line 348, in setup_cart
    setup_source = self.setup_source(data)
  File "/home/tranhau/Documents/v32/cartmigration/controllers/migration.py", line 284, in setup_source
    getattr(self.get_target_cart(), 'set_notice')(self._notice)
  File "/home/tranhau/Documents/v32/cartmigration/libs/base_controller.py", line 115, in get_target_cart
    self.target_cart = get_model(cart_name)
  File "/home/tranhau/Documents/v32/cartmigration/libs/utils.py", line 97, in get_model
    module_class = importlib.import_module(model_name)
  File "/usr/lib/python3.8/importlib/__init__.py", line 127, in import_module
    return _bootstrap._gcd_import(name[level:], package, level)
  File "<frozen importlib._bootstrap>", line 1014, in _gcd_import
  File "<frozen importlib._bootstrap>", line 991, in _find_and_load
  File "<frozen importlib._bootstrap>", line 975, in _find_and_load_unlocked
  File "<frozen importlib._bootstrap>", line 671, in _load_unlocked
  File "<frozen importlib._bootstrap_external>", line 779, in exec_module
  File "<frozen importlib._bootstrap_external>", line 916, in get_code
  File "<frozen importlib._bootstrap_external>", line 846, in source_to_code
  File "<frozen importlib._bootstrap>", line 219, in _call_with_frames_removed
  File "/home/tranhau/Documents/v32/cartmigration/models/cart/woocommerce.py", line 3653
    self.log(convert, 'customers')
                                 ^
TabError: inconsistent use of tabs and spaces in indentation

2021/06/28 08:22:18 : Traceback (most recent call last):
  File "/home/tranhau/Documents/v32/cartmigration/controllers/migration.py", line 348, in setup_cart
    setup_source = self.setup_source(data)
  File "/home/tranhau/Documents/v32/cartmigration/controllers/migration.py", line 284, in setup_source
    getattr(self.get_target_cart(), 'set_notice')(self._notice)
  File "/home/tranhau/Documents/v32/cartmigration/libs/base_controller.py", line 115, in get_target_cart
    self.target_cart = get_model(cart_name)
  File "/home/tranhau/Documents/v32/cartmigration/libs/utils.py", line 97, in get_model
    module_class = importlib.import_module(model_name)
  File "/usr/lib/python3.8/importlib/__init__.py", line 127, in import_module
    return _bootstrap._gcd_import(name[level:], package, level)
  File "<frozen importlib._bootstrap>", line 1014, in _gcd_import
  File "<frozen importlib._bootstrap>", line 991, in _find_and_load
  File "<frozen importlib._bootstrap>", line 975, in _find_and_load_unlocked
  File "<frozen importlib._bootstrap>", line 671, in _load_unlocked
  File "<frozen importlib._bootstrap_external>", line 779, in exec_module
  File "<frozen importlib._bootstrap_external>", line 916, in get_code
  File "<frozen importlib._bootstrap_external>", line 846, in source_to_code
  File "<frozen importlib._bootstrap>", line 219, in _call_with_frames_removed
  File "/home/tranhau/Documents/v32/cartmigration/models/cart/woocommerce.py", line 3653
    self.log(convert, 'customers')
                                 ^
TabError: inconsistent use of tabs and spaces in indentation

2021/06/28 08:23:05 : Traceback (most recent call last):
  File "/home/tranhau/Documents/v32/cartmigration/controllers/migration.py", line 348, in setup_cart
    setup_source = self.setup_source(data)
  File "/home/tranhau/Documents/v32/cartmigration/controllers/migration.py", line 284, in setup_source
    getattr(self.get_target_cart(), 'set_notice')(self._notice)
  File "/home/tranhau/Documents/v32/cartmigration/libs/base_controller.py", line 115, in get_target_cart
    self.target_cart = get_model(cart_name)
  File "/home/tranhau/Documents/v32/cartmigration/libs/utils.py", line 97, in get_model
    module_class = importlib.import_module(model_name)
  File "/usr/lib/python3.8/importlib/__init__.py", line 127, in import_module
    return _bootstrap._gcd_import(name[level:], package, level)
  File "<frozen importlib._bootstrap>", line 1014, in _gcd_import
  File "<frozen importlib._bootstrap>", line 991, in _find_and_load
  File "<frozen importlib._bootstrap>", line 975, in _find_and_load_unlocked
  File "<frozen importlib._bootstrap>", line 671, in _load_unlocked
  File "<frozen importlib._bootstrap_external>", line 779, in exec_module
  File "<frozen importlib._bootstrap_external>", line 916, in get_code
  File "<frozen importlib._bootstrap_external>", line 846, in source_to_code
  File "<frozen importlib._bootstrap>", line 219, in _call_with_frames_removed
  File "/home/tranhau/Documents/v32/cartmigration/models/cart/woocommerce.py", line 3653
    self.log(customer, 'customers')
                                  ^
TabError: inconsistent use of tabs and spaces in indentation

2021/06/28 08:23:22 : Traceback (most recent call last):
  File "/home/tranhau/Documents/v32/cartmigration/controllers/migration.py", line 348, in setup_cart
    setup_source = self.setup_source(data)
  File "/home/tranhau/Documents/v32/cartmigration/controllers/migration.py", line 284, in setup_source
    getattr(self.get_target_cart(), 'set_notice')(self._notice)
  File "/home/tranhau/Documents/v32/cartmigration/libs/base_controller.py", line 115, in get_target_cart
    self.target_cart = get_model(cart_name)
  File "/home/tranhau/Documents/v32/cartmigration/libs/utils.py", line 97, in get_model
    module_class = importlib.import_module(model_name)
  File "/usr/lib/python3.8/importlib/__init__.py", line 127, in import_module
    return _bootstrap._gcd_import(name[level:], package, level)
  File "<frozen importlib._bootstrap>", line 1014, in _gcd_import
  File "<frozen importlib._bootstrap>", line 991, in _find_and_load
  File "<frozen importlib._bootstrap>", line 975, in _find_and_load_unlocked
  File "<frozen importlib._bootstrap>", line 671, in _load_unlocked
  File "<frozen importlib._bootstrap_external>", line 779, in exec_module
  File "<frozen importlib._bootstrap_external>", line 916, in get_code
  File "<frozen importlib._bootstrap_external>", line 846, in source_to_code
  File "<frozen importlib._bootstrap>", line 219, in _call_with_frames_removed
  File "/home/tranhau/Documents/v32/cartmigration/models/cart/woocommerce.py", line 3653
    self.log('gfy', 'customers')
                               ^
TabError: inconsistent use of tabs and spaces in indentation

2021/06/28 14:12:27 : Traceback (most recent call last):
  File "/home/tranhau/Documents/v32/cartmigration/controllers/migration.py", line 348, in setup_cart
    setup_source = self.setup_source(data)
  File "/home/tranhau/Documents/v32/cartmigration/controllers/migration.py", line 284, in setup_source
    getattr(self.get_target_cart(), 'set_notice')(self._notice)
  File "/home/tranhau/Documents/v32/cartmigration/libs/base_controller.py", line 115, in get_target_cart
    self.target_cart = get_model(cart_name)
  File "/home/tranhau/Documents/v32/cartmigration/libs/utils.py", line 97, in get_model
    module_class = importlib.import_module(model_name)
  File "/usr/lib/python3.8/importlib/__init__.py", line 127, in import_module
    return _bootstrap._gcd_import(name[level:], package, level)
  File "<frozen importlib._bootstrap>", line 1014, in _gcd_import
  File "<frozen importlib._bootstrap>", line 991, in _find_and_load
  File "<frozen importlib._bootstrap>", line 975, in _find_and_load_unlocked
  File "<frozen importlib._bootstrap>", line 671, in _load_unlocked
  File "<frozen importlib._bootstrap_external>", line 779, in exec_module
  File "<frozen importlib._bootstrap_external>", line 916, in get_code
  File "<frozen importlib._bootstrap_external>", line 846, in source_to_code
  File "<frozen importlib._bootstrap>", line 219, in _call_with_frames_removed
  File "/home/tranhau/Documents/v32/cartmigration/models/cart/woocommerce.py", line 4106
    }
    ^
SyntaxError: invalid syntax

2021/06/28 14:12:59 : Traceback (most recent call last):
  File "/home/tranhau/Documents/v32/cartmigration/controllers/migration.py", line 348, in setup_cart
    setup_source = self.setup_source(data)
  File "/home/tranhau/Documents/v32/cartmigration/controllers/migration.py", line 284, in setup_source
    getattr(self.get_target_cart(), 'set_notice')(self._notice)
  File "/home/tranhau/Documents/v32/cartmigration/libs/base_controller.py", line 115, in get_target_cart
    self.target_cart = get_model(cart_name)
  File "/home/tranhau/Documents/v32/cartmigration/libs/utils.py", line 97, in get_model
    module_class = importlib.import_module(model_name)
  File "/usr/lib/python3.8/importlib/__init__.py", line 127, in import_module
    return _bootstrap._gcd_import(name[level:], package, level)
  File "<frozen importlib._bootstrap>", line 1014, in _gcd_import
  File "<frozen importlib._bootstrap>", line 991, in _find_and_load
  File "<frozen importlib._bootstrap>", line 975, in _find_and_load_unlocked
  File "<frozen importlib._bootstrap>", line 671, in _load_unlocked
  File "<frozen importlib._bootstrap_external>", line 779, in exec_module
  File "<frozen importlib._bootstrap_external>", line 916, in get_code
  File "<frozen importlib._bootstrap_external>", line 846, in source_to_code
  File "<frozen importlib._bootstrap>", line 219, in _call_with_frames_removed
  File "/home/tranhau/Documents/v32/cartmigration/models/cart/woocommerce.py", line 4103
    }
    ^
SyntaxError: invalid syntax

2021/06/28 14:13:36 : Traceback (most recent call last):
  File "/home/tranhau/Documents/v32/cartmigration/controllers/migration.py", line 348, in setup_cart
    setup_source = self.setup_source(data)
  File "/home/tranhau/Documents/v32/cartmigration/controllers/migration.py", line 284, in setup_source
    getattr(self.get_target_cart(), 'set_notice')(self._notice)
  File "/home/tranhau/Documents/v32/cartmigration/libs/base_controller.py", line 115, in get_target_cart
    self.target_cart = get_model(cart_name)
  File "/home/tranhau/Documents/v32/cartmigration/libs/utils.py", line 97, in get_model
    module_class = importlib.import_module(model_name)
  File "/usr/lib/python3.8/importlib/__init__.py", line 127, in import_module
    return _bootstrap._gcd_import(name[level:], package, level)
  File "<frozen importlib._bootstrap>", line 1014, in _gcd_import
  File "<frozen importlib._bootstrap>", line 991, in _find_and_load
  File "<frozen importlib._bootstrap>", line 975, in _find_and_load_unlocked
  File "<frozen importlib._bootstrap>", line 671, in _load_unlocked
  File "<frozen importlib._bootstrap_external>", line 779, in exec_module
  File "<frozen importlib._bootstrap_external>", line 916, in get_code
  File "<frozen importlib._bootstrap_external>", line 846, in source_to_code
  File "<frozen importlib._bootstrap>", line 219, in _call_with_frames_removed
  File "/home/tranhau/Documents/v32/cartmigration/models/cart/woocommerce.py", line 4104
    }
    ^
SyntaxError: invalid syntax

2021/06/28 14:18:07 : Traceback (most recent call last):
  File "/home/tranhau/Documents/v32/cartmigration/controllers/migration.py", line 348, in setup_cart
    setup_source = self.setup_source(data)
  File "/home/tranhau/Documents/v32/cartmigration/controllers/migration.py", line 284, in setup_source
    getattr(self.get_target_cart(), 'set_notice')(self._notice)
  File "/home/tranhau/Documents/v32/cartmigration/libs/base_controller.py", line 115, in get_target_cart
    self.target_cart = get_model(cart_name)
  File "/home/tranhau/Documents/v32/cartmigration/libs/utils.py", line 97, in get_model
    module_class = importlib.import_module(model_name)
  File "/usr/lib/python3.8/importlib/__init__.py", line 127, in import_module
    return _bootstrap._gcd_import(name[level:], package, level)
  File "<frozen importlib._bootstrap>", line 1014, in _gcd_import
  File "<frozen importlib._bootstrap>", line 991, in _find_and_load
  File "<frozen importlib._bootstrap>", line 975, in _find_and_load_unlocked
  File "<frozen importlib._bootstrap>", line 671, in _load_unlocked
  File "<frozen importlib._bootstrap_external>", line 779, in exec_module
  File "<frozen importlib._bootstrap_external>", line 916, in get_code
  File "<frozen importlib._bootstrap_external>", line 846, in source_to_code
  File "<frozen importlib._bootstrap>", line 219, in _call_with_frames_removed
  File "/home/tranhau/Documents/v32/cartmigration/models/cart/woocommerce.py", line 4105
    }
    ^
SyntaxError: invalid syntax

2021/06/28 14:18:41 : Traceback (most recent call last):
  File "/home/tranhau/Documents/v32/cartmigration/controllers/migration.py", line 348, in setup_cart
    setup_source = self.setup_source(data)
  File "/home/tranhau/Documents/v32/cartmigration/controllers/migration.py", line 284, in setup_source
    getattr(self.get_target_cart(), 'set_notice')(self._notice)
  File "/home/tranhau/Documents/v32/cartmigration/libs/base_controller.py", line 115, in get_target_cart
    self.target_cart = get_model(cart_name)
  File "/home/tranhau/Documents/v32/cartmigration/libs/utils.py", line 97, in get_model
    module_class = importlib.import_module(model_name)
  File "/usr/lib/python3.8/importlib/__init__.py", line 127, in import_module
    return _bootstrap._gcd_import(name[level:], package, level)
  File "<frozen importlib._bootstrap>", line 1014, in _gcd_import
  File "<frozen importlib._bootstrap>", line 991, in _find_and_load
  File "<frozen importlib._bootstrap>", line 975, in _find_and_load_unlocked
  File "<frozen importlib._bootstrap>", line 671, in _load_unlocked
  File "<frozen importlib._bootstrap_external>", line 779, in exec_module
  File "<frozen importlib._bootstrap_external>", line 916, in get_code
  File "<frozen importlib._bootstrap_external>", line 846, in source_to_code
  File "<frozen importlib._bootstrap>", line 219, in _call_with_frames_removed
  File "/home/tranhau/Documents/v32/cartmigration/models/cart/woocommerce.py", line 4105
    }
    ^
SyntaxError: invalid syntax

2021/06/28 15:51:21 : Traceback (most recent call last):
  File "/home/tranhau/Documents/v32/cartmigration/controllers/migration.py", line 348, in setup_cart
    setup_source = self.setup_source(data)
  File "/home/tranhau/Documents/v32/cartmigration/controllers/migration.py", line 284, in setup_source
    getattr(self.get_target_cart(), 'set_notice')(self._notice)
  File "/home/tranhau/Documents/v32/cartmigration/libs/base_controller.py", line 115, in get_target_cart
    self.target_cart = get_model(cart_name)
  File "/home/tranhau/Documents/v32/cartmigration/libs/utils.py", line 97, in get_model
    module_class = importlib.import_module(model_name)
  File "/usr/lib/python3.8/importlib/__init__.py", line 127, in import_module
    return _bootstrap._gcd_import(name[level:], package, level)
  File "<frozen importlib._bootstrap>", line 1014, in _gcd_import
  File "<frozen importlib._bootstrap>", line 991, in _find_and_load
  File "<frozen importlib._bootstrap>", line 975, in _find_and_load_unlocked
  File "<frozen importlib._bootstrap>", line 671, in _load_unlocked
  File "<frozen importlib._bootstrap_external>", line 779, in exec_module
  File "<frozen importlib._bootstrap_external>", line 916, in get_code
  File "<frozen importlib._bootstrap_external>", line 846, in source_to_code
  File "<frozen importlib._bootstrap>", line 219, in _call_with_frames_removed
  File "/home/tranhau/Documents/v32/cartmigration/models/cart/woocommerce.py", line 3458
    post_meta_data={
    ^
SyntaxError: invalid syntax

2021/06/29 20:40:45 : Traceback (most recent call last):
  File "/home/tranhau/Documents/v32/cartmigration/controllers/migration.py", line 348, in setup_cart
    setup_source = self.setup_source(data)
  File "/home/tranhau/Documents/v32/cartmigration/controllers/migration.py", line 284, in setup_source
    getattr(self.get_target_cart(), 'set_notice')(self._notice)
  File "/home/tranhau/Documents/v32/cartmigration/libs/base_controller.py", line 115, in get_target_cart
    self.target_cart = get_model(cart_name)
  File "/home/tranhau/Documents/v32/cartmigration/libs/utils.py", line 97, in get_model
    module_class = importlib.import_module(model_name)
  File "/usr/lib/python3.8/importlib/__init__.py", line 127, in import_module
    return _bootstrap._gcd_import(name[level:], package, level)
  File "<frozen importlib._bootstrap>", line 1014, in _gcd_import
  File "<frozen importlib._bootstrap>", line 991, in _find_and_load
  File "<frozen importlib._bootstrap>", line 975, in _find_and_load_unlocked
  File "<frozen importlib._bootstrap>", line 671, in _load_unlocked
  File "<frozen importlib._bootstrap_external>", line 779, in exec_module
  File "<frozen importlib._bootstrap_external>", line 916, in get_code
  File "<frozen importlib._bootstrap_external>", line 846, in source_to_code
  File "<frozen importlib._bootstrap>", line 219, in _call_with_frames_removed
  File "/home/tranhau/Documents/v32/cartmigration/models/cart/woocommerce.py", line 3498
    self.log(all_query,'all_query')
                                  ^
TabError: inconsistent use of tabs and spaces in indentation

2021/06/29 20:43:39 : Traceback (most recent call last):
  File "/home/tranhau/Documents/v32/cartmigration/controllers/migration.py", line 348, in setup_cart
    setup_source = self.setup_source(data)
  File "/home/tranhau/Documents/v32/cartmigration/controllers/migration.py", line 284, in setup_source
    getattr(self.get_target_cart(), 'set_notice')(self._notice)
  File "/home/tranhau/Documents/v32/cartmigration/libs/base_controller.py", line 115, in get_target_cart
    self.target_cart = get_model(cart_name)
  File "/home/tranhau/Documents/v32/cartmigration/libs/utils.py", line 97, in get_model
    module_class = importlib.import_module(model_name)
  File "/usr/lib/python3.8/importlib/__init__.py", line 127, in import_module
    return _bootstrap._gcd_import(name[level:], package, level)
  File "<frozen importlib._bootstrap>", line 1014, in _gcd_import
  File "<frozen importlib._bootstrap>", line 991, in _find_and_load
  File "<frozen importlib._bootstrap>", line 975, in _find_and_load_unlocked
  File "<frozen importlib._bootstrap>", line 671, in _load_unlocked
  File "<frozen importlib._bootstrap_external>", line 779, in exec_module
  File "<frozen importlib._bootstrap_external>", line 916, in get_code
  File "<frozen importlib._bootstrap_external>", line 846, in source_to_code
  File "<frozen importlib._bootstrap>", line 219, in _call_with_frames_removed
  File "/home/tranhau/Documents/v32/cartmigration/models/cart/woocommerce.py", line 3498
    self.log(all_query,'all_query')
                                  ^
TabError: inconsistent use of tabs and spaces in indentation

2021/06/29 20:44:38 : Traceback (most recent call last):
  File "/home/tranhau/Documents/v32/cartmigration/controllers/migration.py", line 348, in setup_cart
    setup_source = self.setup_source(data)
  File "/home/tranhau/Documents/v32/cartmigration/controllers/migration.py", line 284, in setup_source
    getattr(self.get_target_cart(), 'set_notice')(self._notice)
  File "/home/tranhau/Documents/v32/cartmigration/libs/base_controller.py", line 115, in get_target_cart
    self.target_cart = get_model(cart_name)
  File "/home/tranhau/Documents/v32/cartmigration/libs/utils.py", line 97, in get_model
    module_class = importlib.import_module(model_name)
  File "/usr/lib/python3.8/importlib/__init__.py", line 127, in import_module
    return _bootstrap._gcd_import(name[level:], package, level)
  File "<frozen importlib._bootstrap>", line 1014, in _gcd_import
  File "<frozen importlib._bootstrap>", line 991, in _find_and_load
  File "<frozen importlib._bootstrap>", line 975, in _find_and_load_unlocked
  File "<frozen importlib._bootstrap>", line 671, in _load_unlocked
  File "<frozen importlib._bootstrap_external>", line 779, in exec_module
  File "<frozen importlib._bootstrap_external>", line 916, in get_code
  File "<frozen importlib._bootstrap_external>", line 846, in source_to_code
  File "<frozen importlib._bootstrap>", line 219, in _call_with_frames_removed
  File "/home/tranhau/Documents/v32/cartmigration/models/cart/woocommerce.py", line 3499
    all_query.append(self.create_update_query_connector('posts',
                                                               ^
TabError: inconsistent use of tabs and spaces in indentation

2021/06/29 20:45:00 : Traceback (most recent call last):
  File "/home/tranhau/Documents/v32/cartmigration/controllers/migration.py", line 348, in setup_cart
    setup_source = self.setup_source(data)
  File "/home/tranhau/Documents/v32/cartmigration/controllers/migration.py", line 284, in setup_source
    getattr(self.get_target_cart(), 'set_notice')(self._notice)
  File "/home/tranhau/Documents/v32/cartmigration/libs/base_controller.py", line 115, in get_target_cart
    self.target_cart = get_model(cart_name)
  File "/home/tranhau/Documents/v32/cartmigration/libs/utils.py", line 97, in get_model
    module_class = importlib.import_module(model_name)
  File "/usr/lib/python3.8/importlib/__init__.py", line 127, in import_module
    return _bootstrap._gcd_import(name[level:], package, level)
  File "<frozen importlib._bootstrap>", line 1014, in _gcd_import
  File "<frozen importlib._bootstrap>", line 991, in _find_and_load
  File "<frozen importlib._bootstrap>", line 975, in _find_and_load_unlocked
  File "<frozen importlib._bootstrap>", line 671, in _load_unlocked
  File "<frozen importlib._bootstrap_external>", line 779, in exec_module
  File "<frozen importlib._bootstrap_external>", line 916, in get_code
  File "<frozen importlib._bootstrap_external>", line 846, in source_to_code
  File "<frozen importlib._bootstrap>", line 219, in _call_with_frames_removed
  File "/home/tranhau/Documents/v32/cartmigration/models/cart/woocommerce.py", line 3499
    a = self.create_update_query_connector('posts',
                                                  ^
TabError: inconsistent use of tabs and spaces in indentation

2021/06/29 20:48:04 : Traceback (most recent call last):
  File "/home/tranhau/Documents/v32/cartmigration/controllers/migration.py", line 348, in setup_cart
    setup_source = self.setup_source(data)
  File "/home/tranhau/Documents/v32/cartmigration/controllers/migration.py", line 284, in setup_source
    getattr(self.get_target_cart(), 'set_notice')(self._notice)
  File "/home/tranhau/Documents/v32/cartmigration/libs/base_controller.py", line 115, in get_target_cart
    self.target_cart = get_model(cart_name)
  File "/home/tranhau/Documents/v32/cartmigration/libs/utils.py", line 97, in get_model
    module_class = importlib.import_module(model_name)
  File "/usr/lib/python3.8/importlib/__init__.py", line 127, in import_module
    return _bootstrap._gcd_import(name[level:], package, level)
  File "<frozen importlib._bootstrap>", line 1014, in _gcd_import
  File "<frozen importlib._bootstrap>", line 991, in _find_and_load
  File "<frozen importlib._bootstrap>", line 975, in _find_and_load_unlocked
  File "<frozen importlib._bootstrap>", line 671, in _load_unlocked
  File "<frozen importlib._bootstrap_external>", line 779, in exec_module
  File "<frozen importlib._bootstrap_external>", line 916, in get_code
  File "<frozen importlib._bootstrap_external>", line 846, in source_to_code
  File "<frozen importlib._bootstrap>", line 219, in _call_with_frames_removed
  File "/home/tranhau/Documents/v32/cartmigration/models/cart/woocommerce.py", line 3499
    a = self.create_update_query_connector('posts',{'guid' : 'http://localhost/wordpress/?post_type=product&#038;p=' +
                                                                                                                     ^
TabError: inconsistent use of tabs and spaces in indentation

2021/06/29 21:01:02 : Traceback (most recent call last):
  File "/home/tranhau/Documents/v32/cartmigration/controllers/migration.py", line 348, in setup_cart
    setup_source = self.setup_source(data)
  File "/home/tranhau/Documents/v32/cartmigration/controllers/migration.py", line 284, in setup_source
    getattr(self.get_target_cart(), 'set_notice')(self._notice)
  File "/home/tranhau/Documents/v32/cartmigration/libs/base_controller.py", line 115, in get_target_cart
    self.target_cart = get_model(cart_name)
  File "/home/tranhau/Documents/v32/cartmigration/libs/utils.py", line 97, in get_model
    module_class = importlib.import_module(model_name)
  File "/usr/lib/python3.8/importlib/__init__.py", line 127, in import_module
    return _bootstrap._gcd_import(name[level:], package, level)
  File "<frozen importlib._bootstrap>", line 1014, in _gcd_import
  File "<frozen importlib._bootstrap>", line 991, in _find_and_load
  File "<frozen importlib._bootstrap>", line 975, in _find_and_load_unlocked
  File "<frozen importlib._bootstrap>", line 671, in _load_unlocked
  File "<frozen importlib._bootstrap_external>", line 779, in exec_module
  File "<frozen importlib._bootstrap_external>", line 916, in get_code
  File "<frozen importlib._bootstrap_external>", line 846, in source_to_code
  File "<frozen importlib._bootstrap>", line 219, in _call_with_frames_removed
  File "/home/tranhau/Documents/v32/cartmigration/models/cart/woocommerce.py", line 3493
    product_id}, {'ID': product_id))
                                  ^
SyntaxError: closing parenthesis ')' does not match opening parenthesis '{'

2021/06/29 21:01:21 : Traceback (most recent call last):
  File "/home/tranhau/Documents/v32/cartmigration/controllers/migration.py", line 348, in setup_cart
    setup_source = self.setup_source(data)
  File "/home/tranhau/Documents/v32/cartmigration/controllers/migration.py", line 284, in setup_source
    getattr(self.get_target_cart(), 'set_notice')(self._notice)
  File "/home/tranhau/Documents/v32/cartmigration/libs/base_controller.py", line 115, in get_target_cart
    self.target_cart = get_model(cart_name)
  File "/home/tranhau/Documents/v32/cartmigration/libs/utils.py", line 97, in get_model
    module_class = importlib.import_module(model_name)
  File "/usr/lib/python3.8/importlib/__init__.py", line 127, in import_module
    return _bootstrap._gcd_import(name[level:], package, level)
  File "<frozen importlib._bootstrap>", line 1014, in _gcd_import
  File "<frozen importlib._bootstrap>", line 991, in _find_and_load
  File "<frozen importlib._bootstrap>", line 975, in _find_and_load_unlocked
  File "<frozen importlib._bootstrap>", line 671, in _load_unlocked
  File "<frozen importlib._bootstrap_external>", line 779, in exec_module
  File "<frozen importlib._bootstrap_external>", line 916, in get_code
  File "<frozen importlib._bootstrap_external>", line 846, in source_to_code
  File "<frozen importlib._bootstrap>", line 219, in _call_with_frames_removed
  File "/home/tranhau/Documents/v32/cartmigration/models/cart/woocommerce.py", line 3493
    product_id}, {'ID': product_id))
                                  ^
SyntaxError: closing parenthesis ')' does not match opening parenthesis '{'

2021/06/29 21:02:36 : Traceback (most recent call last):
  File "/home/tranhau/Documents/v32/cartmigration/controllers/migration.py", line 348, in setup_cart
    setup_source = self.setup_source(data)
  File "/home/tranhau/Documents/v32/cartmigration/controllers/migration.py", line 284, in setup_source
    getattr(self.get_target_cart(), 'set_notice')(self._notice)
  File "/home/tranhau/Documents/v32/cartmigration/libs/base_controller.py", line 115, in get_target_cart
    self.target_cart = get_model(cart_name)
  File "/home/tranhau/Documents/v32/cartmigration/libs/utils.py", line 97, in get_model
    module_class = importlib.import_module(model_name)
  File "/usr/lib/python3.8/importlib/__init__.py", line 127, in import_module
    return _bootstrap._gcd_import(name[level:], package, level)
  File "<frozen importlib._bootstrap>", line 1014, in _gcd_import
  File "<frozen importlib._bootstrap>", line 991, in _find_and_load
  File "<frozen importlib._bootstrap>", line 975, in _find_and_load_unlocked
  File "<frozen importlib._bootstrap>", line 671, in _load_unlocked
  File "<frozen importlib._bootstrap_external>", line 779, in exec_module
  File "<frozen importlib._bootstrap_external>", line 916, in get_code
  File "<frozen importlib._bootstrap_external>", line 846, in source_to_code
  File "<frozen importlib._bootstrap>", line 219, in _call_with_frames_removed
  File "/home/tranhau/Documents/v32/cartmigration/models/cart/woocommerce.py", line 3493
    product_id}, {'ID': product_id)))
                                  ^
SyntaxError: closing parenthesis ')' does not match opening parenthesis '{'

2021/06/29 21:07:25 : Traceback (most recent call last):
  File "/home/tranhau/Documents/v32/cartmigration/controllers/migration.py", line 348, in setup_cart
    setup_source = self.setup_source(data)
  File "/home/tranhau/Documents/v32/cartmigration/controllers/migration.py", line 284, in setup_source
    getattr(self.get_target_cart(), 'set_notice')(self._notice)
  File "/home/tranhau/Documents/v32/cartmigration/libs/base_controller.py", line 115, in get_target_cart
    self.target_cart = get_model(cart_name)
  File "/home/tranhau/Documents/v32/cartmigration/libs/utils.py", line 97, in get_model
    module_class = importlib.import_module(model_name)
  File "/usr/lib/python3.8/importlib/__init__.py", line 127, in import_module
    return _bootstrap._gcd_import(name[level:], package, level)
  File "<frozen importlib._bootstrap>", line 1014, in _gcd_import
  File "<frozen importlib._bootstrap>", line 991, in _find_and_load
  File "<frozen importlib._bootstrap>", line 975, in _find_and_load_unlocked
  File "<frozen importlib._bootstrap>", line 671, in _load_unlocked
  File "<frozen importlib._bootstrap_external>", line 779, in exec_module
  File "<frozen importlib._bootstrap_external>", line 916, in get_code
  File "<frozen importlib._bootstrap_external>", line 846, in source_to_code
  File "<frozen importlib._bootstrap>", line 219, in _call_with_frames_removed
  File "/home/tranhau/Documents/v32/cartmigration/models/cart/woocommerce.py", line 3492
    post_query = self.create_update_query_connector('posts', {'guid': 'http://localhost/wordpress/?post_type=product&#038;p='+product_id}, {'ID': product_id))
                                                                                                                                                            ^
SyntaxError: closing parenthesis ')' does not match opening parenthesis '{'

2021/06/30 09:43:00 : Traceback (most recent call last):
  File "/home/tranhau/Documents/v32/cartmigration/controllers/migration.py", line 348, in setup_cart
    setup_source = self.setup_source(data)
  File "/home/tranhau/Documents/v32/cartmigration/controllers/migration.py", line 284, in setup_source
    getattr(self.get_target_cart(), 'set_notice')(self._notice)
  File "/home/tranhau/Documents/v32/cartmigration/libs/base_controller.py", line 115, in get_target_cart
    self.target_cart = get_model(cart_name)
  File "/home/tranhau/Documents/v32/cartmigration/libs/utils.py", line 97, in get_model
    module_class = importlib.import_module(model_name)
  File "/usr/lib/python3.8/importlib/__init__.py", line 127, in import_module
    return _bootstrap._gcd_import(name[level:], package, level)
  File "<frozen importlib._bootstrap>", line 1014, in _gcd_import
  File "<frozen importlib._bootstrap>", line 991, in _find_and_load
  File "<frozen importlib._bootstrap>", line 975, in _find_and_load_unlocked
  File "<frozen importlib._bootstrap>", line 671, in _load_unlocked
  File "<frozen importlib._bootstrap_external>", line 779, in exec_module
  File "<frozen importlib._bootstrap_external>", line 916, in get_code
  File "<frozen importlib._bootstrap_external>", line 846, in source_to_code
  File "<frozen importlib._bootstrap>", line 219, in _call_with_frames_removed
  File "/home/tranhau/Documents/v32/cartmigration/models/cart/woocommerce.py", line 3538
    return response_success()
    ^
IndentationError: expected an indented block

