2021/06/25 10:25:59 : Url: http://localhost/wordpress/le_connector/connector.php
Method: GET
Status: 404
Header: HTTP/1.1 404 Not Found
Date: Fri, 25 Jun 2021 03:25:59 GMT
Server: Apache/2.4.41 (Ubuntu)
Content-Length: 271
Content-Type: text/html; charset=iso-8859-1


Error: <!DOCTYPE HTML PUBLIC "-//IETF//DTD HTML 2.0//EN">
<html><head>
<title>404 Not Found</title>
</head><body>
<h1>Not Found</h1>
<p>The requested URL was not found on this server.</p>
<hr>
<address>Apache/2.4.41 (Ubuntu) Server at localhost Port 80</address>
</body></html>

2021/06/25 10:51:35 : Url: http://localhost/wordpress/customcart/le_connector/connector.php
Method: GET
Status: 404
Header: HTTP/1.1 404 Not Found
Date: Fri, 25 Jun 2021 03:51:35 GMT
Server: Apache/2.4.41 (Ubuntu)
Content-Length: 271
Content-Type: text/html; charset=iso-8859-1


Error: <!DOCTYPE HTML PUBLIC "-//IETF//DTD HTML 2.0//EN">
<html><head>
<title>404 Not Found</title>
</head><body>
<h1>Not Found</h1>
<p>The requested URL was not found on this server.</p>
<hr>
<address>Apache/2.4.41 (Ubuntu) Server at localhost Port 80</address>
</body></html>

