2021/06/22 13:57:45 : SELECT COUNT(1) AS count FROM  _DBPRF_StateTaxStates WHERE id > 0: <span class="message-alert-error">SQLSTATE[42S02]: Base table or view not found: 1146 Table 'customcart.StateTaxStates' doesn't exist</span>
2021/06/22 13:57:45 : SELECT COUNT(1) AS count FROM  _DBPRF_Categories WHERE id > 0: <span class="message-alert-error">SQLSTATE[42S02]: Base table or view not found: 1146 Table 'customcart.Categories' doesn't exist</span>
2021/06/22 13:57:45 : SELECT COUNT(1) AS count FROM  _DBPRF_Products WHERE id > 0: <span class="message-alert-error">SQLSTATE[42S02]: Base table or view not found: 1146 Table 'customcart.Products' doesn't exist</span>
2021/06/22 13:57:45 : SELECT COUNT(1) AS count FROM  _DBPRF_Customers WHERE id > 0: <span class="message-alert-error">SQLSTATE[42S02]: Base table or view not found: 1146 Table 'customcart.Customers' doesn't exist</span>
2021/06/22 13:57:45 : SELECT COUNT(1) AS count FROM  _DBPRF_Orders WHERE  id > 0: <span class="message-alert-error">SQLSTATE[42S02]: Base table or view not found: 1146 Table 'customcart.Orders' doesn't exist</span>
2021/06/22 13:57:45 : SELECT COUNT(1) AS count FROM _DBPRF_reviews WHERE reviews_id > 0: <span class="message-alert-error">SQLSTATE[42S02]: Base table or view not found: 1146 Table 'customcart.reviews' doesn't exist</span>
2021/06/22 13:58:29 : SELECT COUNT(1) AS count FROM  _DBPRF_StateTaxStates WHERE id > 0: <span class="message-alert-error">SQLSTATE[42S02]: Base table or view not found: 1146 Table 'customcart.StateTaxStates' doesn't exist</span>
2021/06/22 13:58:29 : SELECT COUNT(1) AS count FROM  _DBPRF_Categories WHERE id > 0: <span class="message-alert-error">SQLSTATE[42S02]: Base table or view not found: 1146 Table 'customcart.Categories' doesn't exist</span>
2021/06/22 13:58:29 : SELECT COUNT(1) AS count FROM  _DBPRF_Products WHERE id > 0: <span class="message-alert-error">SQLSTATE[42S02]: Base table or view not found: 1146 Table 'customcart.Products' doesn't exist</span>
2021/06/22 13:58:29 : SELECT COUNT(1) AS count FROM  _DBPRF_Customers WHERE id > 0: <span class="message-alert-error">SQLSTATE[42S02]: Base table or view not found: 1146 Table 'customcart.Customers' doesn't exist</span>
2021/06/22 13:58:29 : SELECT COUNT(1) AS count FROM  _DBPRF_Orders WHERE  id > 0: <span class="message-alert-error">SQLSTATE[42S02]: Base table or view not found: 1146 Table 'customcart.Orders' doesn't exist</span>
2021/06/22 13:58:29 : SELECT COUNT(1) AS count FROM _DBPRF_reviews WHERE reviews_id > 0: <span class="message-alert-error">SQLSTATE[42S02]: Base table or view not found: 1146 Table 'customcart.reviews' doesn't exist</span>
2021/06/22 14:00:20 : SELECT COUNT(1) AS count FROM  _DBPRF_StateTaxStates WHERE id > 0: <span class="message-alert-error">SQLSTATE[42S02]: Base table or view not found: 1146 Table 'customcart.StateTaxStates' doesn't exist</span>
2021/06/22 14:00:20 : SELECT COUNT(1) AS count FROM  _DBPRF_Categories WHERE id > 0: <span class="message-alert-error">SQLSTATE[42S02]: Base table or view not found: 1146 Table 'customcart.Categories' doesn't exist</span>
2021/06/22 14:00:20 : SELECT COUNT(1) AS count FROM  _DBPRF_Products WHERE id > 0: <span class="message-alert-error">SQLSTATE[42S02]: Base table or view not found: 1146 Table 'customcart.Products' doesn't exist</span>
2021/06/22 14:00:20 : SELECT COUNT(1) AS count FROM  _DBPRF_Customers WHERE id > 0: <span class="message-alert-error">SQLSTATE[42S02]: Base table or view not found: 1146 Table 'customcart.Customers' doesn't exist</span>
2021/06/22 14:00:20 : SELECT COUNT(1) AS count FROM  _DBPRF_Orders WHERE  id > 0: <span class="message-alert-error">SQLSTATE[42S02]: Base table or view not found: 1146 Table 'customcart.Orders' doesn't exist</span>
2021/06/22 14:00:20 : SELECT COUNT(1) AS count FROM _DBPRF_reviews WHERE reviews_id > 0: <span class="message-alert-error">SQLSTATE[42S02]: Base table or view not found: 1146 Table 'customcart.reviews' doesn't exist</span>
2021/06/22 14:02:59 : SELECT COUNT(1) AS count FROM  _DBPRF_categories WHERE id > 0: <span class="message-alert-error">SQLSTATE[42S22]: Column not found: 1054 Unknown column 'id' in 'where clause'</span>
2021/06/22 14:02:59 : SELECT COUNT(1) AS count FROM  _DBPRF_products WHERE id > 0: <span class="message-alert-error">SQLSTATE[42S22]: Column not found: 1054 Unknown column 'id' in 'where clause'</span>
2021/06/22 14:02:59 : SELECT COUNT(1) AS count FROM  _DBPRF_customers WHERE id > 0: <span class="message-alert-error">SQLSTATE[42S22]: Column not found: 1054 Unknown column 'id' in 'where clause'</span>
2021/06/22 14:02:59 : SELECT COUNT(1) AS count FROM  _DBPRF_orders WHERE  id > 0: <span class="message-alert-error">SQLSTATE[42S22]: Column not found: 1054 Unknown column 'id' in 'where clause'</span>
