2021/07/04 09:14:05 : Traceback (most recent call last):
  File "/home/tranhau/Documents/v32/cartmigration/controllers/migration.py", line 667, in storage_data
    getattr(self.get_source_cart(), 'finish_storage_data')()
  File "/home/tranhau/Documents/v32/cartmigration/models/basecart.py", line 3929, in finish_storage_data
    folder_upload = self.get_folder_upload(self._migration_id)
  File "/home/tranhau/Documents/v32/cartmigration/models/basecart.py", line 3941, in get_folder_upload
    folder_upload = root_path + '/' + DIR_UPLOAD + '/' + get_config_ini('src', 'file', file = 'test.ini')
TypeError: can only concatenate str (not "NoneType") to str

2021/07/04 09:14:16 : Traceback (most recent call last):
  File "/home/tranhau/Documents/v32/cartmigration/models/basecart.py", line 1325, in gzinflate
    res = zlib.decompress(compressed_data, -15)
zlib.error: Error -3 while decompressing data: invalid block type

2021/07/04 09:14:16 : Traceback (most recent call last):
  File "/home/tranhau/Documents/v32/cartmigration/models/basecart.py", line 1325, in gzinflate
    res = zlib.decompress(compressed_data, -15)
zlib.error: Error -3 while decompressing data: invalid block type

2021/07/04 09:19:32 : Traceback (most recent call last):
  File "/home/tranhau/Documents/v32/cartmigration/models/basecart.py", line 1325, in gzinflate
    res = zlib.decompress(compressed_data, -15)
zlib.error: Error -3 while decompressing data: invalid block type

2021/07/04 09:19:32 : Traceback (most recent call last):
  File "/home/tranhau/Documents/v32/cartmigration/models/basecart.py", line 1325, in gzinflate
    res = zlib.decompress(compressed_data, -15)
zlib.error: Error -3 while decompressing data: invalid block type

2021/07/04 09:21:10 : Traceback (most recent call last):
  File "/home/tranhau/Documents/v32/cartmigration/models/basecart.py", line 1325, in gzinflate
    res = zlib.decompress(compressed_data, -15)
zlib.error: Error -3 while decompressing data: invalid block type

2021/07/04 09:21:10 : Traceback (most recent call last):
  File "/home/tranhau/Documents/v32/cartmigration/models/basecart.py", line 1325, in gzinflate
    res = zlib.decompress(compressed_data, -15)
zlib.error: Error -3 while decompressing data: invalid block type

2021/07/04 10:35:34 : Traceback (most recent call last):
  File "/home/tranhau/Documents/v32/cartmigration/models/basecart.py", line 1325, in gzinflate
    res = zlib.decompress(compressed_data, -15)
zlib.error: Error -3 while decompressing data: invalid block type

2021/07/04 10:35:34 : Traceback (most recent call last):
  File "/home/tranhau/Documents/v32/cartmigration/models/basecart.py", line 1325, in gzinflate
    res = zlib.decompress(compressed_data, -15)
zlib.error: Error -3 while decompressing data: invalid block type

2021/07/04 10:36:11 : Traceback (most recent call last):
  File "/home/tranhau/Documents/v32/cartmigration/models/basecart.py", line 1325, in gzinflate
    res = zlib.decompress(compressed_data, -15)
zlib.error: Error -3 while decompressing data: invalid block type

2021/07/04 10:36:11 : Traceback (most recent call last):
  File "/home/tranhau/Documents/v32/cartmigration/models/basecart.py", line 1325, in gzinflate
    res = zlib.decompress(compressed_data, -15)
zlib.error: Error -3 while decompressing data: invalid block type

2021/07/04 10:44:11 : Traceback (most recent call last):
  File "/home/tranhau/Documents/v32/cartmigration/models/basecart.py", line 1325, in gzinflate
    res = zlib.decompress(compressed_data, -15)
zlib.error: Error -3 while decompressing data: invalid block type

2021/07/04 10:44:11 : Traceback (most recent call last):
  File "/home/tranhau/Documents/v32/cartmigration/models/basecart.py", line 1325, in gzinflate
    res = zlib.decompress(compressed_data, -15)
zlib.error: Error -3 while decompressing data: invalid block type

2021/07/04 10:47:54 : Traceback (most recent call last):
  File "/home/tranhau/Documents/v32/cartmigration/models/basecart.py", line 1325, in gzinflate
    res = zlib.decompress(compressed_data, -15)
zlib.error: Error -3 while decompressing data: invalid block type

2021/07/04 10:47:54 : Traceback (most recent call last):
  File "/home/tranhau/Documents/v32/cartmigration/models/basecart.py", line 1325, in gzinflate
    res = zlib.decompress(compressed_data, -15)
zlib.error: Error -3 while decompressing data: invalid block type

2021/07/04 11:00:45 : Traceback (most recent call last):
  File "/home/tranhau/Documents/v32/cartmigration/models/basecart.py", line 1325, in gzinflate
    res = zlib.decompress(compressed_data, -15)
zlib.error: Error -3 while decompressing data: invalid block type

2021/07/04 11:00:45 : Traceback (most recent call last):
  File "/home/tranhau/Documents/v32/cartmigration/models/basecart.py", line 1325, in gzinflate
    res = zlib.decompress(compressed_data, -15)
zlib.error: Error -3 while decompressing data: invalid block type

