2021/07/04 09:14:05 : ---------- Starting Demo Migration ID: 209 ----------
2021/07/04 09:14:06 : Current categories, products, customers, orders cleared
2021/07/04 09:14:08 : Migration of Categories is completed
2021/07/04 09:14:14 : Migration of Products is completed
2021/07/04 09:14:15 : Migration of Customers is completed
2021/07/04 09:14:16 : Migration of Orders is completed
2021/07/04 09:14:16 : Demo Migration ID: 209 completed
2021/07/04 09:19:31 : Migration of Products is completed
2021/07/04 09:19:32 : Demo Migration ID: 209 completed
2021/07/04 09:21:09 : Migration of Products is completed
2021/07/04 09:21:10 : Demo Migration ID: 209 completed
2021/07/04 10:35:33 : Migration of Products is completed
2021/07/04 10:35:34 : Demo Migration ID: 209 completed
2021/07/04 10:36:10 : Migration of Products is completed
2021/07/04 10:36:11 : Demo Migration ID: 209 completed
2021/07/04 10:44:09 : Migration of Products is completed
2021/07/04 10:44:11 : Demo Migration ID: 209 completed
2021/07/04 10:47:53 : Migration of Products is completed
2021/07/04 10:47:54 : Demo Migration ID: 209 completed
2021/07/04 11:00:43 : Migration of Products is completed
2021/07/04 11:00:45 : Demo Migration ID: 209 completed
