2021/07/04 10:44:08 : {"result": "success", "msg": null, "data": false, "error": "SQLSTATE[42S22]: Column not found: 1054 Unknown column 'pa_color' in 'where clause'"}
2021/07/04 10:44:08 : {"result": "success", "msg": null, "data": false, "error": "SQLSTATE[42S22]: Column not found: 1054 Unknown column 'pa_size' in 'where clause'"}
2021/07/04 10:44:08 : {"result": "success", "msg": null, "data": false, "error": "SQLSTATE[42S22]: Column not found: 1054 Unknown column 'pa_sample' in 'where clause'"}
2021/07/04 10:44:08 : {"result": "success", "msg": null, "data": false, "error": "SQLSTATE[42S22]: Column not found: 1054 Unknown column 'pa_color' in 'where clause'"}
2021/07/04 10:44:08 : {"result": "success", "msg": null, "data": false, "error": "SQLSTATE[42S22]: Column not found: 1054 Unknown column 'pa_size' in 'where clause'"}
2021/07/04 10:44:08 : {"result": "success", "msg": null, "data": false, "error": "SQLSTATE[42S22]: Column not found: 1054 Unknown column 'pa_sample' in 'where clause'"}
2021/07/04 10:44:08 : {"result": "success", "msg": null, "data": false, "error": "SQLSTATE[42S22]: Column not found: 1054 Unknown column 'pa_color' in 'where clause'"}
2021/07/04 10:44:08 : {"result": "success", "msg": null, "data": false, "error": "SQLSTATE[42S22]: Column not found: 1054 Unknown column 'pa_size' in 'where clause'"}
2021/07/04 10:44:08 : {"result": "success", "msg": null, "data": false, "error": "SQLSTATE[42S22]: Column not found: 1054 Unknown column 'pa_sample' in 'where clause'"}
2021/07/04 10:44:08 : {"result": "success", "msg": null, "data": false, "error": "SQLSTATE[42S22]: Column not found: 1054 Unknown column 'pa_color' in 'where clause'"}
2021/07/04 10:44:08 : {"result": "success", "msg": null, "data": false, "error": "SQLSTATE[42S22]: Column not found: 1054 Unknown column 'pa_size' in 'where clause'"}
2021/07/04 10:44:08 : {"result": "success", "msg": null, "data": false, "error": "SQLSTATE[42S22]: Column not found: 1054 Unknown column 'pa_sample' in 'where clause'"}
2021/07/04 10:44:08 : {"result": "success", "msg": null, "data": false, "error": "SQLSTATE[42S22]: Column not found: 1054 Unknown column 'pa_color' in 'where clause'"}
2021/07/04 10:44:08 : {"result": "success", "msg": null, "data": false, "error": "SQLSTATE[42S22]: Column not found: 1054 Unknown column 'pa_size' in 'where clause'"}
2021/07/04 10:44:08 : {"result": "success", "msg": null, "data": false, "error": "SQLSTATE[42S22]: Column not found: 1054 Unknown column 'pa_sample' in 'where clause'"}
2021/07/04 10:44:08 : {"result": "success", "msg": null, "data": false, "error": "SQLSTATE[42S22]: Column not found: 1054 Unknown column 'pa_color' in 'where clause'"}
2021/07/04 10:44:08 : {"result": "success", "msg": null, "data": false, "error": "SQLSTATE[42S22]: Column not found: 1054 Unknown column 'pa_size' in 'where clause'"}
2021/07/04 10:44:08 : {"result": "success", "msg": null, "data": false, "error": "SQLSTATE[42S22]: Column not found: 1054 Unknown column 'pa_sample' in 'where clause'"}
2021/07/04 10:44:08 : {"result": "success", "msg": null, "data": false, "error": "SQLSTATE[42S22]: Column not found: 1054 Unknown column 'pa_color' in 'where clause'"}
2021/07/04 10:44:09 : {"result": "success", "msg": null, "data": false, "error": "SQLSTATE[42S22]: Column not found: 1054 Unknown column 'pa_size' in 'where clause'"}
2021/07/04 10:44:09 : {"result": "success", "msg": null, "data": false, "error": "SQLSTATE[42S22]: Column not found: 1054 Unknown column 'pa_sample' in 'where clause'"}
2021/07/04 10:44:09 : {"result": "success", "msg": null, "data": false, "error": "SQLSTATE[42S22]: Column not found: 1054 Unknown column 'pa_color' in 'where clause'"}
2021/07/04 10:44:09 : {"result": "success", "msg": null, "data": false, "error": "SQLSTATE[42S22]: Column not found: 1054 Unknown column 'pa_size' in 'where clause'"}
2021/07/04 10:44:09 : {"result": "success", "msg": null, "data": false, "error": "SQLSTATE[42S22]: Column not found: 1054 Unknown column 'pa_sample' in 'where clause'"}
2021/07/04 10:44:09 : {"result": "success", "msg": null, "data": false, "error": "SQLSTATE[42S22]: Column not found: 1054 Unknown column 'pa_color' in 'where clause'"}
2021/07/04 10:44:09 : {"result": "success", "msg": null, "data": false, "error": "SQLSTATE[42S22]: Column not found: 1054 Unknown column 'pa_size' in 'where clause'"}
2021/07/04 10:44:09 : {"result": "success", "msg": null, "data": false, "error": "SQLSTATE[42S22]: Column not found: 1054 Unknown column 'pa_sample' in 'where clause'"}
2021/07/04 10:44:09 : {"result": "success", "msg": null, "data": false, "error": "SQLSTATE[42S22]: Column not found: 1054 Unknown column 'pa_color' in 'where clause'"}
2021/07/04 10:44:09 : {"result": "success", "msg": null, "data": false, "error": "SQLSTATE[42S22]: Column not found: 1054 Unknown column 'pa_size' in 'where clause'"}
2021/07/04 10:44:09 : {"result": "success", "msg": null, "data": false, "error": "SQLSTATE[42S22]: Column not found: 1054 Unknown column 'pa_sample' in 'where clause'"}
2021/07/04 10:44:09 : {"result": "success", "msg": null, "data": false, "error": "SQLSTATE[42S22]: Column not found: 1054 Unknown column 'pa_color' in 'where clause'"}
2021/07/04 10:44:09 : {"result": "success", "msg": null, "data": false, "error": "SQLSTATE[42S22]: Column not found: 1054 Unknown column 'pa_size' in 'where clause'"}
2021/07/04 10:44:09 : {"result": "success", "msg": null, "data": false, "error": "SQLSTATE[42S22]: Column not found: 1054 Unknown column 'pa_sample' in 'where clause'"}
2021/07/04 10:44:09 : {"result": "success", "msg": null, "data": false, "error": "SQLSTATE[42S22]: Column not found: 1054 Unknown column 'pa_color' in 'where clause'"}
2021/07/04 10:44:09 : {"result": "success", "msg": null, "data": false, "error": "SQLSTATE[42S22]: Column not found: 1054 Unknown column 'pa_size' in 'where clause'"}
2021/07/04 10:44:09 : {"result": "success", "msg": null, "data": false, "error": "SQLSTATE[42S22]: Column not found: 1054 Unknown column 'pa_sample' in 'where clause'"}
2021/07/04 10:44:09 : {"result": "success", "msg": null, "data": false, "error": "SQLSTATE[42S22]: Column not found: 1054 Unknown column 'pa_color' in 'where clause'"}
2021/07/04 10:44:09 : {"result": "success", "msg": null, "data": false, "error": "SQLSTATE[42S22]: Column not found: 1054 Unknown column 'pa_size' in 'where clause'"}
2021/07/04 10:44:09 : {"result": "success", "msg": null, "data": false, "error": "SQLSTATE[42S22]: Column not found: 1054 Unknown column 'pa_sample' in 'where clause'"}
2021/07/04 10:44:09 : {"result": "success", "msg": null, "data": false, "error": "SQLSTATE[42S22]: Column not found: 1054 Unknown column 'pa_color' in 'where clause'"}
2021/07/04 10:44:09 : {"result": "success", "msg": null, "data": false, "error": "SQLSTATE[42S22]: Column not found: 1054 Unknown column 'pa_size' in 'where clause'"}
2021/07/04 10:44:09 : {"result": "success", "msg": null, "data": false, "error": "SQLSTATE[42S22]: Column not found: 1054 Unknown column 'pa_sample' in 'where clause'"}
2021/07/04 10:44:09 : {"result": "success", "msg": null, "data": false, "error": "SQLSTATE[42S22]: Column not found: 1054 Unknown column 'pa_color' in 'where clause'"}
2021/07/04 10:44:09 : {"result": "success", "msg": null, "data": false, "error": "SQLSTATE[42S22]: Column not found: 1054 Unknown column 'pa_size' in 'where clause'"}
2021/07/04 10:44:09 : {"result": "success", "msg": null, "data": false, "error": "SQLSTATE[42S22]: Column not found: 1054 Unknown column 'pa_sample' in 'where clause'"}
2021/07/04 10:44:09 : {"result": "success", "msg": null, "data": false, "error": "SQLSTATE[42S22]: Column not found: 1054 Unknown column 'pa_color' in 'where clause'"}
2021/07/04 10:44:09 : {"result": "success", "msg": null, "data": false, "error": "SQLSTATE[42S22]: Column not found: 1054 Unknown column 'pa_size' in 'where clause'"}
2021/07/04 10:44:09 : {"result": "success", "msg": null, "data": false, "error": "SQLSTATE[42S22]: Column not found: 1054 Unknown column 'pa_sample' in 'where clause'"}
2021/07/04 10:44:09 : {"result": "success", "msg": null, "data": false, "error": "SQLSTATE[42S22]: Column not found: 1054 Unknown column 'pa_color' in 'where clause'"}
2021/07/04 10:44:09 : {"result": "success", "msg": null, "data": false, "error": "SQLSTATE[42S22]: Column not found: 1054 Unknown column 'pa_size' in 'where clause'"}
2021/07/04 10:44:09 : {"result": "success", "msg": null, "data": false, "error": "SQLSTATE[42S22]: Column not found: 1054 Unknown column 'pa_sample' in 'where clause'"}
2021/07/04 10:44:09 : {"result": "success", "msg": null, "data": false, "error": "SQLSTATE[42S22]: Column not found: 1054 Unknown column 'pa_color' in 'where clause'"}
2021/07/04 10:44:09 : {"result": "success", "msg": null, "data": false, "error": "SQLSTATE[42S22]: Column not found: 1054 Unknown column 'pa_size' in 'where clause'"}
2021/07/04 10:44:09 : {"result": "success", "msg": null, "data": false, "error": "SQLSTATE[42S22]: Column not found: 1054 Unknown column 'pa_sample' in 'where clause'"}
2021/07/04 10:44:09 : {"result": "success", "msg": null, "data": false, "error": "SQLSTATE[42S22]: Column not found: 1054 Unknown column 'pa_color' in 'where clause'"}
2021/07/04 10:44:09 : {"result": "success", "msg": null, "data": false, "error": "SQLSTATE[42S22]: Column not found: 1054 Unknown column 'pa_size' in 'where clause'"}
2021/07/04 10:44:09 : {"result": "success", "msg": null, "data": false, "error": "SQLSTATE[42S22]: Column not found: 1054 Unknown column 'pa_sample' in 'where clause'"}
2021/07/04 10:44:09 : {"result": "success", "msg": null, "data": false, "error": "SQLSTATE[42S22]: Column not found: 1054 Unknown column 'pa_color' in 'where clause'"}
2021/07/04 10:44:09 : {"result": "success", "msg": null, "data": false, "error": "SQLSTATE[42S22]: Column not found: 1054 Unknown column 'pa_size' in 'where clause'"}
2021/07/04 10:44:09 : {"result": "success", "msg": null, "data": false, "error": "SQLSTATE[42S22]: Column not found: 1054 Unknown column 'pa_sample' in 'where clause'"}
2021/07/04 10:47:51 : {"result": "success", "msg": null, "data": [{"term_taxonomy_id": "36", "term_id": "36", "taxonomy": "pa_color", "description": "", "parent": "0", "count": "1"}], "error": ""}
2021/07/04 10:47:51 : {"result": "success", "msg": null, "data": [{"term_taxonomy_id": "37", "term_id": "37", "taxonomy": "pa_size", "description": "", "parent": "0", "count": "1"}], "error": ""}
2021/07/04 10:47:51 : {"result": "success", "msg": null, "data": [{"term_taxonomy_id": "38", "term_id": "38", "taxonomy": "pa_sample", "description": "", "parent": "0", "count": "1"}], "error": ""}
2021/07/04 10:47:51 : {"result": "success", "msg": null, "data": [{"term_taxonomy_id": "36", "term_id": "36", "taxonomy": "pa_color", "description": "", "parent": "0", "count": "1"}], "error": ""}
2021/07/04 10:47:51 : {"result": "success", "msg": null, "data": [{"term_taxonomy_id": "39", "term_id": "39", "taxonomy": "pa_size", "description": "", "parent": "0", "count": "1"}], "error": ""}
2021/07/04 10:47:51 : {"result": "success", "msg": null, "data": [{"term_taxonomy_id": "40", "term_id": "40", "taxonomy": "pa_sample", "description": "", "parent": "0", "count": "1"}], "error": ""}
2021/07/04 10:47:51 : {"result": "success", "msg": null, "data": [{"term_taxonomy_id": "41", "term_id": "41", "taxonomy": "pa_color", "description": "", "parent": "0", "count": "1"}], "error": ""}
2021/07/04 10:47:51 : {"result": "success", "msg": null, "data": [{"term_taxonomy_id": "37", "term_id": "37", "taxonomy": "pa_size", "description": "", "parent": "0", "count": "1"}], "error": ""}
2021/07/04 10:47:51 : {"result": "success", "msg": null, "data": [{"term_taxonomy_id": "42", "term_id": "42", "taxonomy": "pa_sample", "description": "", "parent": "0", "count": "1"}], "error": ""}
2021/07/04 10:47:51 : {"result": "success", "msg": null, "data": [{"term_taxonomy_id": "36", "term_id": "36", "taxonomy": "pa_color", "description": "", "parent": "0", "count": "1"}], "error": ""}
2021/07/04 10:47:51 : {"result": "success", "msg": null, "data": [{"term_taxonomy_id": "43", "term_id": "43", "taxonomy": "pa_size", "description": "", "parent": "0", "count": "1"}], "error": ""}
2021/07/04 10:47:51 : {"result": "success", "msg": null, "data": [{"term_taxonomy_id": "40", "term_id": "40", "taxonomy": "pa_sample", "description": "", "parent": "0", "count": "1"}], "error": ""}
2021/07/04 10:47:52 : {"result": "success", "msg": null, "data": [{"term_taxonomy_id": "44", "term_id": "44", "taxonomy": "pa_color", "description": "", "parent": "0", "count": "1"}], "error": ""}
2021/07/04 10:47:52 : {"result": "success", "msg": null, "data": [{"term_taxonomy_id": "45", "term_id": "45", "taxonomy": "pa_size", "description": "", "parent": "0", "count": "1"}], "error": ""}
2021/07/04 10:47:52 : {"result": "success", "msg": null, "data": [{"term_taxonomy_id": "46", "term_id": "46", "taxonomy": "pa_sample", "description": "", "parent": "0", "count": "1"}], "error": ""}
2021/07/04 10:47:52 : {"result": "success", "msg": null, "data": [{"term_taxonomy_id": "47", "term_id": "47", "taxonomy": "pa_color", "description": "", "parent": "0", "count": "1"}], "error": ""}
2021/07/04 10:47:52 : {"result": "success", "msg": null, "data": [{"term_taxonomy_id": "39", "term_id": "39", "taxonomy": "pa_size", "description": "", "parent": "0", "count": "1"}], "error": ""}
2021/07/04 10:47:52 : {"result": "success", "msg": null, "data": [{"term_taxonomy_id": "38", "term_id": "38", "taxonomy": "pa_sample", "description": "", "parent": "0", "count": "1"}], "error": ""}
2021/07/04 10:47:52 : {"result": "success", "msg": null, "data": [{"term_taxonomy_id": "44", "term_id": "44", "taxonomy": "pa_color", "description": "", "parent": "0", "count": "1"}], "error": ""}
2021/07/04 10:47:52 : {"result": "success", "msg": null, "data": [{"term_taxonomy_id": "39", "term_id": "39", "taxonomy": "pa_size", "description": "", "parent": "0", "count": "1"}], "error": ""}
2021/07/04 10:47:52 : {"result": "success", "msg": null, "data": [{"term_taxonomy_id": "38", "term_id": "38", "taxonomy": "pa_sample", "description": "", "parent": "0", "count": "1"}], "error": ""}
2021/07/04 10:47:52 : {"result": "success", "msg": null, "data": [{"term_taxonomy_id": "36", "term_id": "36", "taxonomy": "pa_color", "description": "", "parent": "0", "count": "1"}], "error": ""}
2021/07/04 10:47:52 : {"result": "success", "msg": null, "data": [{"term_taxonomy_id": "45", "term_id": "45", "taxonomy": "pa_size", "description": "", "parent": "0", "count": "1"}], "error": ""}
2021/07/04 10:47:52 : {"result": "success", "msg": null, "data": [{"term_taxonomy_id": "42", "term_id": "42", "taxonomy": "pa_sample", "description": "", "parent": "0", "count": "1"}], "error": ""}
2021/07/04 10:47:52 : {"result": "success", "msg": null, "data": [{"term_taxonomy_id": "44", "term_id": "44", "taxonomy": "pa_color", "description": "", "parent": "0", "count": "1"}], "error": ""}
2021/07/04 10:47:52 : {"result": "success", "msg": null, "data": [{"term_taxonomy_id": "45", "term_id": "45", "taxonomy": "pa_size", "description": "", "parent": "0", "count": "1"}], "error": ""}
2021/07/04 10:47:52 : {"result": "success", "msg": null, "data": [{"term_taxonomy_id": "38", "term_id": "38", "taxonomy": "pa_sample", "description": "", "parent": "0", "count": "1"}], "error": ""}
2021/07/04 10:47:52 : {"result": "success", "msg": null, "data": [{"term_taxonomy_id": "48", "term_id": "48", "taxonomy": "pa_color", "description": "", "parent": "0", "count": "1"}], "error": ""}
2021/07/04 10:47:52 : {"result": "success", "msg": null, "data": [{"term_taxonomy_id": "37", "term_id": "37", "taxonomy": "pa_size", "description": "", "parent": "0", "count": "1"}], "error": ""}
2021/07/04 10:47:52 : {"result": "success", "msg": null, "data": [{"term_taxonomy_id": "40", "term_id": "40", "taxonomy": "pa_sample", "description": "", "parent": "0", "count": "1"}], "error": ""}
2021/07/04 10:47:52 : {"result": "success", "msg": null, "data": [{"term_taxonomy_id": "41", "term_id": "41", "taxonomy": "pa_color", "description": "", "parent": "0", "count": "1"}], "error": ""}
2021/07/04 10:47:52 : {"result": "success", "msg": null, "data": [{"term_taxonomy_id": "37", "term_id": "37", "taxonomy": "pa_size", "description": "", "parent": "0", "count": "1"}], "error": ""}
2021/07/04 10:47:52 : {"result": "success", "msg": null, "data": [{"term_taxonomy_id": "38", "term_id": "38", "taxonomy": "pa_sample", "description": "", "parent": "0", "count": "1"}], "error": ""}
2021/07/04 10:47:52 : {"result": "success", "msg": null, "data": [{"term_taxonomy_id": "47", "term_id": "47", "taxonomy": "pa_color", "description": "", "parent": "0", "count": "1"}], "error": ""}
2021/07/04 10:47:52 : {"result": "success", "msg": null, "data": [{"term_taxonomy_id": "45", "term_id": "45", "taxonomy": "pa_size", "description": "", "parent": "0", "count": "1"}], "error": ""}
2021/07/04 10:47:52 : {"result": "success", "msg": null, "data": [{"term_taxonomy_id": "46", "term_id": "46", "taxonomy": "pa_sample", "description": "", "parent": "0", "count": "1"}], "error": ""}
2021/07/04 10:47:52 : {"result": "success", "msg": null, "data": [{"term_taxonomy_id": "48", "term_id": "48", "taxonomy": "pa_color", "description": "", "parent": "0", "count": "1"}], "error": ""}
2021/07/04 10:47:52 : {"result": "success", "msg": null, "data": [{"term_taxonomy_id": "45", "term_id": "45", "taxonomy": "pa_size", "description": "", "parent": "0", "count": "1"}], "error": ""}
2021/07/04 10:47:52 : {"result": "success", "msg": null, "data": [{"term_taxonomy_id": "42", "term_id": "42", "taxonomy": "pa_sample", "description": "", "parent": "0", "count": "1"}], "error": ""}
2021/07/04 10:47:52 : {"result": "success", "msg": null, "data": [{"term_taxonomy_id": "48", "term_id": "48", "taxonomy": "pa_color", "description": "", "parent": "0", "count": "1"}], "error": ""}
2021/07/04 10:47:52 : {"result": "success", "msg": null, "data": [{"term_taxonomy_id": "37", "term_id": "37", "taxonomy": "pa_size", "description": "", "parent": "0", "count": "1"}], "error": ""}
2021/07/04 10:47:52 : {"result": "success", "msg": null, "data": [{"term_taxonomy_id": "46", "term_id": "46", "taxonomy": "pa_sample", "description": "", "parent": "0", "count": "1"}], "error": ""}
2021/07/04 10:47:52 : {"result": "success", "msg": null, "data": [{"term_taxonomy_id": "41", "term_id": "41", "taxonomy": "pa_color", "description": "", "parent": "0", "count": "1"}], "error": ""}
2021/07/04 10:47:52 : {"result": "success", "msg": null, "data": [{"term_taxonomy_id": "43", "term_id": "43", "taxonomy": "pa_size", "description": "", "parent": "0", "count": "1"}], "error": ""}
2021/07/04 10:47:52 : {"result": "success", "msg": null, "data": [{"term_taxonomy_id": "38", "term_id": "38", "taxonomy": "pa_sample", "description": "", "parent": "0", "count": "1"}], "error": ""}
2021/07/04 10:47:52 : {"result": "success", "msg": null, "data": [{"term_taxonomy_id": "47", "term_id": "47", "taxonomy": "pa_color", "description": "", "parent": "0", "count": "1"}], "error": ""}
2021/07/04 10:47:53 : {"result": "success", "msg": null, "data": [{"term_taxonomy_id": "45", "term_id": "45", "taxonomy": "pa_size", "description": "", "parent": "0", "count": "1"}], "error": ""}
2021/07/04 10:47:53 : {"result": "success", "msg": null, "data": [{"term_taxonomy_id": "42", "term_id": "42", "taxonomy": "pa_sample", "description": "", "parent": "0", "count": "1"}], "error": ""}
2021/07/04 10:47:53 : {"result": "success", "msg": null, "data": [{"term_taxonomy_id": "41", "term_id": "41", "taxonomy": "pa_color", "description": "", "parent": "0", "count": "1"}], "error": ""}
2021/07/04 10:47:53 : {"result": "success", "msg": null, "data": [{"term_taxonomy_id": "49", "term_id": "49", "taxonomy": "pa_size", "description": "", "parent": "0", "count": "1"}], "error": ""}
2021/07/04 10:47:53 : {"result": "success", "msg": null, "data": [{"term_taxonomy_id": "40", "term_id": "40", "taxonomy": "pa_sample", "description": "", "parent": "0", "count": "1"}], "error": ""}
2021/07/04 10:47:53 : {"result": "success", "msg": null, "data": [{"term_taxonomy_id": "36", "term_id": "36", "taxonomy": "pa_color", "description": "", "parent": "0", "count": "1"}], "error": ""}
2021/07/04 10:47:53 : {"result": "success", "msg": null, "data": [{"term_taxonomy_id": "37", "term_id": "37", "taxonomy": "pa_size", "description": "", "parent": "0", "count": "1"}], "error": ""}
2021/07/04 10:47:53 : {"result": "success", "msg": null, "data": [{"term_taxonomy_id": "50", "term_id": "50", "taxonomy": "pa_sample", "description": "", "parent": "0", "count": "1"}], "error": ""}
2021/07/04 10:47:53 : {"result": "success", "msg": null, "data": [{"term_taxonomy_id": "41", "term_id": "41", "taxonomy": "pa_color", "description": "", "parent": "0", "count": "1"}], "error": ""}
2021/07/04 10:47:53 : {"result": "success", "msg": null, "data": [{"term_taxonomy_id": "37", "term_id": "37", "taxonomy": "pa_size", "description": "", "parent": "0", "count": "1"}], "error": ""}
2021/07/04 10:47:53 : {"result": "success", "msg": null, "data": [{"term_taxonomy_id": "46", "term_id": "46", "taxonomy": "pa_sample", "description": "", "parent": "0", "count": "1"}], "error": ""}
2021/07/04 10:47:53 : {"result": "success", "msg": null, "data": [{"term_taxonomy_id": "41", "term_id": "41", "taxonomy": "pa_color", "description": "", "parent": "0", "count": "1"}], "error": ""}
2021/07/04 10:47:53 : {"result": "success", "msg": null, "data": [{"term_taxonomy_id": "39", "term_id": "39", "taxonomy": "pa_size", "description": "", "parent": "0", "count": "1"}], "error": ""}
2021/07/04 10:47:53 : {"result": "success", "msg": null, "data": [{"term_taxonomy_id": "46", "term_id": "46", "taxonomy": "pa_sample", "description": "", "parent": "0", "count": "1"}], "error": ""}
