2021/06/22 17:28:35 : Traceback (most recent call last):
  File "/home/tranhau/Documents/v32/cartmigration/controllers/migration.py", line 665, in storage_data
    getattr(self.get_source_cart(), 'finish_storage_data')()
  File "/home/tranhau/Documents/v32/cartmigration/models/basecart.py", line 3929, in finish_storage_data
    folder_upload = self.get_folder_upload(self._migration_id)
  File "/home/tranhau/Documents/v32/cartmigration/models/basecart.py", line 3941, in get_folder_upload
    folder_upload = root_path + '/' + DIR_UPLOAD + '/' + get_config_ini('src', 'file', file = 'test.ini')
TypeError: can only concatenate str (not "NoneType") to str

2021/06/22 17:28:40 : Traceback (most recent call last):
  File "/home/tranhau/Documents/v32/bootstrap.py", line 20, in <module>
    getattr(controller, action_name)(data)
  File "/home/tranhau/Documents/v32/cartmigration/controllers/migration.py", line 86, in start
    self.run()
  File "/home/tranhau/Documents/v32/cartmigration/controllers/migration.py", line 132, in run
    result = getattr(self, action)()
  File "/home/tranhau/Documents/v32/cartmigration/controllers/migration.py", line 1027, in migration
    id_src = fn_get_id(None, main, ext)
  File "/home/tranhau/Documents/v32/cartmigration/models/cart/custom.py", line 414, in get_category_id_import
    return category['id']
KeyError: 'id'

