2021/07/05 09:52:33 : Image Error 
 Url Image: http://localhost/customcart/images/CHMPNULC0060CHOCPK-s.png
 Save Path: wp-content/uploads/2021/07/CHMPNULC0060CHOCPKs.png
 Params: {"url": "http://localhost/customcart/images/CHMPNULC0060CHOCPK-s.png", "rename": true}
 Error: The requested URL returned error: 404 Not Found
2021/07/05 09:52:34 : Image Error 
 Url Image: http://localhost/customcart/images/chpultmtlcvan60ct-s.png
 Save Path: wp-content/uploads/2021/07/chpultmtlcvan60cts.png
 Params: {"url": "http://localhost/customcart/images/chpultmtlcvan60ct-s.png", "rename": true}
 Error: The requested URL returned error: 404 Not Found
2021/07/05 09:52:34 : Image Error 
 Url Image: http://localhost/customcart/images/chpultrametstrw60ct-s.png
 Save Path: wp-content/uploads/2021/07/chpultrametstrw60cts.png
 Params: {"url": "http://localhost/customcart/images/chpultrametstrw60ct-s.png", "rename": true}
 Error: The requested URL returned error: 404 Not Found
2021/07/05 09:52:35 : Image Error 
 Url Image: http://localhost/customcart/images/chpultrmtvan60ct-s.png
 Save Path: wp-content/uploads/2021/07/chpultrmtvan60cts.png
 Params: {"url": "http://localhost/customcart/images/chpultrmtvan60ct-s.png", "rename": true}
 Error: The requested URL returned error: 404 Not Found
2021/07/05 09:52:35 : Image Error 
 Url Image: http://localhost/customcart/images/clfbarbberrycrsp12ct-s.png
 Save Path: wp-content/uploads/2021/07/clfbarbberrycrsp12cts.png
 Params: {"url": "http://localhost/customcart/images/clfbarbberrycrsp12ct-s.png", "rename": true}
 Error: The requested URL returned error: 404 Not Found
2021/07/05 09:52:35 : Image Error 
 Url Image: http://localhost/customcart/images/CLIFBUIL0012PEANBR-s.png
 Save Path: wp-content/uploads/2021/07/CLIFBUIL0012PEANBRs.png
 Params: {"url": "http://localhost/customcart/images/CLIFBUIL0012PEANBR-s.png", "rename": true}
 Error: The requested URL returned error: 404 Not Found
2021/07/05 09:52:36 : Image Error 
 Url Image: http://localhost/customcart/images/clfbarchocchip12ct-s.png
 Save Path: wp-content/uploads/2021/07/clfbarchocchip12cts.png
 Params: {"url": "http://localhost/customcart/images/clfbarchocchip12ct-s.png", "rename": true}
 Error: The requested URL returned error: 404 Not Found
2021/07/05 09:52:36 : Image Error 
 Url Image: http://localhost/customcart/images/clflunaoatmeal12ct-s.png
 Save Path: wp-content/uploads/2021/07/clflunaoatmeal12cts.png
 Params: {"url": "http://localhost/customcart/images/clflunaoatmeal12ct-s.png", "rename": true}
 Error: The requested URL returned error: 404 Not Found
2021/07/05 09:52:37 : Image Error 
 Url Image: http://localhost/customcart/images/CSPTCMAX01.5CITRPW-s.png
 Save Path: wp-content/uploads/2021/07/CSPTCMAX01.5CITRPWs.png
 Params: {"url": "http://localhost/customcart/images/CSPTCMAX01.5CITRPW-s.png", "rename": true}
 Error: The requested URL returned error: 404 Not Found
2021/07/05 09:52:37 : Image Error 
 Url Image: http://localhost/customcart/images/CSPTCMAX01.5ORGEPW1-s.png
 Save Path: wp-content/uploads/2021/07/CSPTCMAX01.5ORGEPW1s.png
 Params: {"url": "http://localhost/customcart/images/CSPTCMAX01.5ORGEPW1-s.png", "rename": true}
 Error: The requested URL returned error: 404 Not Found
2021/07/05 09:52:38 : Image Error 
 Url Image: http://localhost/customcart/images/CSPTEVOP2.25VANNPW-100.png
 Save Path: wp-content/uploads/2021/07/CSPTEVOP2.25VANNPW100.png
 Params: {"url": "http://localhost/customcart/images/CSPTEVOP2.25VANNPW-100.png", "rename": true}
 Error: The requested URL returned error: 404 Not Found
2021/07/05 09:52:38 : Image Error 
 Url Image: http://localhost/customcart/images/cysfasttwtchlem2lb-s.png
 Save Path: wp-content/uploads/2021/07/cysfasttwtchlem2lbs.png
 Params: {"url": "http://localhost/customcart/images/cysfasttwtchlem2lb-s.png", "rename": true}
 Error: The requested URL returned error: 404 Not Found
2021/07/05 09:52:39 : Image Error 
 Url Image: http://localhost/customcart/images/cysfasttwtchgrp2lb-s.png
 Save Path: wp-content/uploads/2021/07/cysfasttwtchgrp2lbs.png
 Params: {"url": "http://localhost/customcart/images/cysfasttwtchgrp2lb-s.png", "rename": true}
 Error: The requested URL returned error: 404 Not Found
2021/07/05 09:52:39 : Image Error 
 Url Image: http://localhost/customcart/images/cysfasttwtchlem2lb-s.png
 Save Path: wp-content/uploads/2021/07/cysfasttwtchlem2lbs.png
 Params: {"url": "http://localhost/customcart/images/cysfasttwtchlem2lb-s.png", "rename": true}
 Error: The requested URL returned error: 404 Not Found
2021/07/05 09:52:40 : Image Error 
 Url Image: http://localhost/customcart/images/cysmmcksncrm5lb-s.png
 Save Path: wp-content/uploads/2021/07/cysmmcksncrm5lbs.png
 Params: {"url": "http://localhost/customcart/images/cysmmcksncrm5lb-s.png", "rename": true}
 Error: The requested URL returned error: 404 Not Found
2021/07/05 09:52:40 : Image Error 
 Url Image: http://localhost/customcart/images/cysmmbarchocpntcarml8ct-s.png
 Save Path: wp-content/uploads/2021/07/cysmmbarchocpntcarml8cts.png
 Params: {"url": "http://localhost/customcart/images/cysmmbarchocpntcarml8ct-s.png", "rename": true}
 Error: The requested URL returned error: 404 Not Found
2021/07/05 09:52:40 : Image Error 
 Url Image: http://localhost/customcart/images/cysmmbarvantoffcrnch8ct-s.png
 Save Path: wp-content/uploads/2021/07/cysmmbarvantoffcrnch8cts.png
 Params: {"url": "http://localhost/customcart/images/cysmmbarvantoffcrnch8ct-s.png", "rename": true}
 Error: The requested URL returned error: 404 Not Found
